Hello!
Brickadia Release-EA1 (PC-Shipping-CL11829), Engine 3fa5724a474a
Public release build: 1
Demo build: 0
Log file open, 09/05/25 06:39:38
LogPakFile: Initializing PakPlatformFile
LogIoDispatcher: Display: Reading toc: ../../../Brickadia/Content/Paks/global.utoc
LogIoDispatcher: Display: Toc loaded : ../../../Brickadia/Content/Paks/global.utoc, Id=ffffffffffffffff, Order=0, EntryCount=1, SignatureHash=0000000000000000000000000000000000000000
LogIoDispatcher: Display: Mounting container '../../../Brickadia/Content/Paks/global.utoc' in location slot 0
LogPakFile: Display: Initialized I/O dispatcher file backend. Mounted the global container: ../../../Brickadia/Content/Paks/global.utoc
LogPakFile: Display: Found Pak file ../../../Brickadia/Content/Paks/Brickadia-LinuxServer.pak attempting to mount.
LogPakFile: Display: Mounting pak file ../../../Brickadia/Content/Paks/Brickadia-LinuxServer.pak.
LogIoDispatcher: Display: Reading toc: ../../../Brickadia/Content/Paks/Brickadia-LinuxServer.utoc
LogIoDispatcher: Display: Toc loaded : ../../../Brickadia/Content/Paks/Brickadia-LinuxServer.utoc, Id=6d9af7ce3c435e73, Order=4, EntryCount=8426, SignatureHash=0000000000000000000000000000000000000000
LogIoDispatcher: Display: Mounting container '../../../Brickadia/Content/Paks/Brickadia-LinuxServer.utoc' in location slot 0
LogPakFile: Display: Mounted IoStore container "../../../Brickadia/Content/Paks/Brickadia-LinuxServer.utoc"
LogFilePackageStore: Mounting container: Id=6d9af7ce3c435e73, Order=4, NumPackages=8425
LogPakFile: Display: Mounted Pak file '../../../Brickadia/Content/Paks/Brickadia-LinuxServer.pak', mount point: '../../../'
LogIris: FNetObjectFactoryRegistry::UnregisterFactory is unregistering factory: None name: NetActorFactory id: 0
LogIris: FNetObjectFactoryRegistry::UnregisterFactory is unregistering factory: None name: NetSubObjectFactory id: 1
LogICUInternationalization: OS requested locale 'c' is not supported. Using the OS requested language of 'en-US-POSIX' as the locale.
LogICUInternationalization: ICU TimeZone Detection - Raw Offset: -5:00, Platform Override: ''
LogInit: Session CrashGUID >====================================================
         Session CrashGUID >   UECC-Linux-67776F7F4240416C9D79B1503D2E01D5
         Session CrashGUID >====================================================
LogConfig: Using compiled CustomConfig PublicRelease
LogAssetRegistry: Premade AssetRegistry loaded from '../../../Brickadia/AssetRegistry.bin'
LogPluginManager: Mounting Project plugin CommonLoadingScreen
LogPluginManager: Mounting Project plugin RiderLink
LogPluginManager: Mounting Project plugin ImGui
LogPluginManager: Mounting Project plugin LivePP2
LogPluginManager: Mounting Project plugin LoadingScreen
LogPluginManager: Mounting Engine plugin Paper2D
LogPluginManager: Mounting Engine plugin ACLPlugin
LogPluginManager: Mounting Engine plugin AnimationData
LogPluginManager: Mounting Engine plugin ControlRigModules
LogPluginManager: Mounting Engine plugin ControlRigSpline
LogPluginManager: Mounting Engine plugin ControlRig
LogPluginManager: Mounting Engine plugin VoxelCore
LogPluginManager: Mounting Engine plugin CameraShakePreviewer
LogPluginManager: Mounting Engine plugin EngineCameras
LogPluginManager: Mounting Engine plugin GameplayCameras
LogPluginManager: Mounting Engine plugin PluginUtils
LogPluginManager: Mounting Engine plugin RenderDocPlugin
LogPluginManager: Mounting Engine plugin AssetSearch
LogPluginManager: Mounting Engine plugin BlueprintHeaderView
LogPluginManager: Mounting Engine plugin BlueprintMaterialTextureNodes
LogPluginManager: Mounting Engine plugin ColorGrading
LogPluginManager: Mounting Engine plugin ContentBrowserAssetDataSource
LogPluginManager: Mounting Engine plugin DataValidation
LogPluginManager: Mounting Engine plugin EditorScriptingUtilities
LogPluginManager: Mounting Engine plugin LightMixer
LogPluginManager: Mounting Engine plugin ObjectMixer
LogPluginManager: Mounting Engine plugin UMGWidgetPreview
LogPluginManager: Mounting Engine plugin WorldPartitionHLODUtilities
LogPluginManager: Mounting Engine plugin EnhancedInput
LogPluginManager: Mounting Engine plugin GPULightmass
LogPluginManager: Mounting Engine plugin Iris
LogPluginManager: Mounting Engine plugin Landmass
LogPluginManager: Mounting Engine plugin PlatformCrypto
LogPluginManager: Mounting Engine plugin StructUtils
LogPluginManager: Mounting Engine plugin StudioTelemetry
LogPluginManager: Mounting Engine plugin Water
LogPluginManager: Mounting Engine plugin Niagara
LogPluginManager: Mounting Engine plugin LevelSequenceEditor
LogPluginManager: Mounting Engine plugin SequencerScripting
LogPluginManager: Mounting Engine plugin TemplateSequence
LogPluginManager: Mounting Engine plugin EOSShared
LogPluginManager: Mounting Engine plugin OnlineBase
LogPluginManager: Mounting Engine plugin OnlineServicesEOSGS
LogPluginManager: Mounting Engine plugin OnlineServices
LogPluginManager: Mounting Engine plugin OnlineSubsystemUtils
LogPluginManager: Mounting Engine plugin OnlineSubsystem
LogPluginManager: Mounting Engine plugin SocketSubsystemEOS
LogPluginManager: Mounting Engine plugin AudioSynesthesia
LogPluginManager: Mounting Engine plugin AudioWidgets
LogPluginManager: Mounting Engine plugin CableComponent
LogPluginManager: Mounting Engine plugin SQLiteCore
LogPluginManager: Mounting Engine plugin ExampleDeviceProfileSelector
LogPluginManager: Mounting Engine plugin GeometryProcessing
LogPluginManager: Mounting Engine plugin LinuxDeviceProfileSelector
LogPluginManager: Mounting Engine plugin Metasound
LogPluginManager: Mounting Engine plugin ProceduralMeshComponent
LogPluginManager: Mounting Engine plugin PropertyAccessEditor
LogPluginManager: Mounting Engine plugin RigVM
LogPluginManager: Mounting Engine plugin Spatialization
LogPluginManager: Mounting Engine plugin StateTree
LogPluginManager: Mounting Engine plugin WaveTable
LogVoxel: Display: VOXEL_DEBUG=0
LogEOSSDK: Initializing EOSSDK Version:1.17.0-41373641
LogInit: Using libcurl 8.4.0
LogInit:  - built for x86_64-unknown-linux-gnu
LogInit:  - supports SSL with OpenSSL/1.1.1t
LogInit:  - supports HTTP deflate (compression) using libz 1.3
LogInit:  - other features:
LogInit:      CURL_VERSION_SSL
LogInit:      CURL_VERSION_LIBZ
LogInit:      CURL_VERSION_IPV6
LogInit:      CURL_VERSION_ASYNCHDNS
LogInit:      CURL_VERSION_LARGEFILE
LogInit:      CURL_VERSION_TLSAUTH_SRP
LogInit:      CURL_VERSION_HTTP2
LogInit:  CurlRequestOptions (configurable via config and command line):
LogInit:  - bVerifyPeer = true  - Libcurl will verify peer certificate
LogInit:  - bUseHttpProxy = false  - Libcurl will NOT use HTTP proxy
LogInit:  - bDontReuseConnections = false  - Libcurl will reuse connections
LogInit:  - MaxHostConnections = 16  - Libcurl will limit the number of connections to a host
LogInit:  - LocalHostAddr = Default
LogInit:  - BufferSize = 65536
LogInit: CreateHttpThread using FCurlMultiPollEventLoopHttpThread
LogInit: Creating http thread with maximum 2147483647 concurrent requests
LogOnline: Warning: OSS: TryLoadSubsystemAndSetDefault: LoadSubsystemModule([NULL]) failed
LogOnline: OSS: Failed to load any Online Subsystem Modules
LogInit: ExecutableName: BrickadiaServer-Linux-Shipping
LogInit: Build: UE5-CL-0
LogInit: Platform=LinuxServer
LogInit: MachineId=-000003e8
LogInit: DeviceId=
LogInit: Engine Version: 5.5.4-0+UE5
LogInit: Compatible Engine Version: 5.5.0-0+UE5
LogInit: Net CL: 0
LogInit: OS: Ubuntu 20.04.4 LTS (6.6.87.2-microsoft-standard-WSL2), CPU: Intel(R) Core(TM) i9-14900K, GPU: UnknownVendor
LogInit: Compiled (64-bit): Aug  3 2025 21:04:17
LogInit: Architecture: x64
LogInit: Compiled with Clang: 18.1.0rc (github.com/llvm/llvm-project 461274b81d8641eab64d494accddc81d7db8a09e)
LogInit: Build Configuration: Shipping
LogInit: Branch Name: UE5
LogInit: Command Line:  -World="DedicatedWorld1" -NotInstalled -log -UserDir="/mnt/c/Users/micke/myServer/data" -Token="p9NFJ7nZf4vYBg9ovZgzh7QfMKkLJ5plgq/6REGVAQPX3xLT1gqRMMzlM8FhSTQ/tAYyxMmCBaWUFuvjOTkb9w==" -port="7777"
LogInit: Allocator: Binned2
LogInit: Installed Engine Build: 0
LogInit: This binary is optimized with LTO: no, PGO: no, instrumented for PGO data collection: no
LogConfig: Branch 'Lightmass' had been unloaded. Reloading on-demand took 0.29ms
LogConfig: Branch 'CommonLoadingScreen' had been unloaded. Reloading on-demand took 0.04ms
LogConfig: Branch 'RiderLink' had been unloaded. Reloading on-demand took 0.03ms
LogConfig: Branch 'ImGui' had been unloaded. Reloading on-demand took 0.03ms
LogConfig: Branch 'LivePP2' had been unloaded. Reloading on-demand took 0.03ms
LogConfig: Branch 'LoadingScreen' had been unloaded. Reloading on-demand took 0.03ms
LogConfig: Branch 'ACLPlugin' had been unloaded. Reloading on-demand took 0.03ms
LogConfig: Branch 'AnimationData' had been unloaded. Reloading on-demand took 0.03ms
LogConfig: Branch 'ControlRigModules' had been unloaded. Reloading on-demand took 0.03ms
LogConfig: Branch 'ControlRigSpline' had been unloaded. Reloading on-demand took 0.03ms
LogConfig: Branch 'VoxelCore' had been unloaded. Reloading on-demand took 0.04ms
LogConfig: Branch 'CameraShakePreviewer' had been unloaded. Reloading on-demand took 0.04ms
LogConfig: Branch 'EngineCameras' had been unloaded. Reloading on-demand took 0.03ms
LogConfig: Branch 'PluginUtils' had been unloaded. Reloading on-demand took 0.03ms
LogConfig: Branch 'RenderDocPlugin' had been unloaded. Reloading on-demand took 0.03ms
LogConfig: Branch 'AssetSearch' had been unloaded. Reloading on-demand took 0.03ms
LogConfig: Branch 'BlueprintHeaderView' had been unloaded. Reloading on-demand took 0.03ms
LogConfig: Branch 'BlueprintMaterialTextureNodes' had been unloaded. Reloading on-demand took 0.03ms
LogConfig: Branch 'ColorGrading' had been unloaded. Reloading on-demand took 0.03ms
LogConfig: Branch 'ContentBrowserAssetDataSource' had been unloaded. Reloading on-demand took 0.03ms
LogConfig: Branch 'DataValidation' had been unloaded. Reloading on-demand took 0.03ms
LogConfig: Branch 'LightMixer' had been unloaded. Reloading on-demand took 0.03ms
LogConfig: Branch 'ObjectMixer' had been unloaded. Reloading on-demand took 0.03ms
LogConfig: Branch 'UMGWidgetPreview' had been unloaded. Reloading on-demand took 0.03ms
LogConfig: Branch 'WorldPartitionHLODUtilities' had been unloaded. Reloading on-demand took 0.03ms
LogConfig: Branch 'GPULightmass' had been unloaded. Reloading on-demand took 0.03ms
LogConfig: Branch 'Iris' had been unloaded. Reloading on-demand took 0.03ms
LogConfig: Branch 'Landmass' had been unloaded. Reloading on-demand took 0.03ms
LogConfig: Branch 'PlatformCrypto' had been unloaded. Reloading on-demand took 0.03ms
LogConfig: Branch 'StructUtils' had been unloaded. Reloading on-demand took 0.03ms
LogConfig: Branch 'StudioTelemetry' had been unloaded. Reloading on-demand took 0.03ms
LogConfig: Branch 'Water' had been unloaded. Reloading on-demand took 0.04ms
LogConfig: Branch 'LevelSequenceEditor' had been unloaded. Reloading on-demand took 0.03ms
LogConfig: Branch 'SequencerScripting' had been unloaded. Reloading on-demand took 0.03ms
LogConfig: Branch 'TemplateSequence' had been unloaded. Reloading on-demand took 0.03ms
LogConfig: Branch 'EOSShared' had been unloaded. Reloading on-demand took 0.03ms
LogConfig: Branch 'OnlineBase' had been unloaded. Reloading on-demand took 0.03ms
LogConfig: Branch 'OnlineServicesEOSGS' had been unloaded. Reloading on-demand took 0.03ms
LogConfig: Branch 'OnlineServices' had been unloaded. Reloading on-demand took 0.03ms
LogConfig: Branch 'OnlineSubsystemUtils' had been unloaded. Reloading on-demand took 0.03ms
LogConfig: Branch 'OnlineSubsystem' had been unloaded. Reloading on-demand took 0.03ms
LogConfig: Branch 'SocketSubsystemEOS' had been unloaded. Reloading on-demand took 0.03ms
LogConfig: Branch 'AudioSynesthesia' had been unloaded. Reloading on-demand took 0.03ms
LogConfig: Branch 'AudioWidgets' had been unloaded. Reloading on-demand took 0.03ms
LogConfig: Branch 'CableComponent' had been unloaded. Reloading on-demand took 0.03ms
LogConfig: Branch 'SQLiteCore' had been unloaded. Reloading on-demand took 0.03ms
LogConfig: Branch 'ExampleDeviceProfileSelector' had been unloaded. Reloading on-demand took 0.03ms
LogConfig: Branch 'GeometryProcessing' had been unloaded. Reloading on-demand took 0.03ms
LogConfig: Branch 'LinuxDeviceProfileSelector' had been unloaded. Reloading on-demand took 0.03ms
LogConfig: Branch 'ProceduralMeshComponent' had been unloaded. Reloading on-demand took 0.03ms
LogConfig: Branch 'PropertyAccessEditor' had been unloaded. Reloading on-demand took 0.03ms
LogConfig: Branch 'Spatialization' had been unloaded. Reloading on-demand took 0.03ms
LogConfig: Branch 'WaveTable' had been unloaded. Reloading on-demand took 0.04ms
LogInit: Presizing for max 2097152 objects, including 1 objects not considered by GC.
LogStreaming: Display: AsyncLoading2 - Created: Event Driven Loader: false, Async Loading Thread: true, Async Post Load: true
LogStreaming: Display: AsyncLoading2 - Initialized
LogInit: Object subsystem initialized
LogConfig: Changed CVar net.SubObjects.DefaultUseSubObjectReplicationList=1
LogConfig: Changed CVar net.IsPushModelEnabled=1
LogConfig: Changed CVar net.Iris.PushModelMode=1
LogConfig: Changed CVar net.Iris.UseIrisReplication=1
LogConfig: Changed CVar Slate.ToolTipWrapWidth=800
LogConfig: Changed CVar Slate.TooltipSummonDelay=0.25
LogConfig: Changed CVar con.MinLogVerbosity=7
LogConfig: Changed CVar tick.AnimationDelaysEndGroup=0
LogConfig: Changed CVar p.NetEnableListenServerSmoothing=1
[2025.09.05-10.39.38:513][  0]LogConfig: Changed CVar Net.ForceConnectionViewerPriority=0
[2025.09.05-10.39.38:513][  0]LogConfig: Changed CVar tick.AllowBatchedTicks=1
[2025.09.05-10.39.38:513][  0]LogConfig: Changed CVar a.ParallelBlendPhysics=0
[2025.09.05-10.39.38:513][  0]LogConfig: Changed CVar r.setres=1280x720
[2025.09.05-10.39.38:513][  0]LogConfig: Changed CVar fx.NiagaraAllowRuntimeScalabilityChanges=1
[2025.09.05-10.39.38:513][  0]LogConfig: Changed CVar r.Shadow.DetectVertexShaderLayerAtRuntime=1
[2025.09.05-10.39.38:513][  0]LogConfig: Changed CVar net.SubObjects.DefaultUseSubObjectReplicationList=1
[2025.09.05-10.39.38:513][  0]LogConfig: Changed CVar net.IsPushModelEnabled=1
[2025.09.05-10.39.38:513][  0]LogConfig: Changed CVar net.Iris.PushModelMode=1
[2025.09.05-10.39.38:513][  0]LogConfig: Changed CVar net.Iris.UseIrisReplication=1
[2025.09.05-10.39.38:513][  0]LogConfig: Changed CVar Slate.ToolTipWrapWidth=800
[2025.09.05-10.39.38:513][  0]LogConfig: Changed CVar Slate.TooltipSummonDelay=0.25
[2025.09.05-10.39.38:513][  0]LogConfig: Changed CVar con.MinLogVerbosity=7
[2025.09.05-10.39.38:513][  0]LogConfig: Changed CVar tick.AnimationDelaysEndGroup=0
[2025.09.05-10.39.38:513][  0]LogConfig: Changed CVar p.NetEnableListenServerSmoothing=1
[2025.09.05-10.39.38:513][  0]LogConfig: Changed CVar Net.ForceConnectionViewerPriority=0
[2025.09.05-10.39.38:513][  0]LogConfig: Changed CVar tick.AllowBatchedTicks=1
[2025.09.05-10.39.38:513][  0]LogConfig: Changed CVar a.ParallelBlendPhysics=0
[2025.09.05-10.39.38:513][  0]LogConfig: Unchanged CVar r.setres=1280x720
[2025.09.05-10.39.38:513][  0]LogConfig: Changed CVar fx.NiagaraAllowRuntimeScalabilityChanges=1
[2025.09.05-10.39.38:513][  0]LogConfig: Changed CVar r.Shadow.DetectVertexShaderLayerAtRuntime=1
[2025.09.05-10.39.38:513][  0]LogConfig: Applying CVar settings from Section [/Script/Engine.RendererSettings] File [Engine]
[2025.09.05-10.39.38:513][  0]LogConfig: Changed CVar r.GPUCrashDebugging=0
[2025.09.05-10.39.38:513][  0]LogConfig: Changed CVar r.Mobile.DisableVertexFog=1
[2025.09.05-10.39.38:513][  0]LogConfig: Changed CVar r.DiscardUnusedQuality=0
[2025.09.05-10.39.38:513][  0]LogConfig: Changed CVar r.AllowStaticLighting=1
[2025.09.05-10.39.38:513][  0]LogConfig: Changed CVar r.GenerateMeshDistanceFields=0
[2025.09.05-10.39.38:513][  0]LogConfig: Changed CVar r.DistanceFields.SupportEvenIfHardwareRayTracingSupported=0
[2025.09.05-10.39.38:513][  0]LogConfig: Changed CVar r.SeparateTranslucency=0
[2025.09.05-10.39.38:513][  0]LogConfig: Changed CVar r.CustomDepth=3
[2025.09.05-10.39.38:513][  0]LogConfig: Changed CVar r.DefaultFeature.AutoExposure=1
[2025.09.05-10.39.38:513][  0]LogConfig: Changed CVar r.EarlyZPass=0
[2025.09.05-10.39.38:513][  0]LogConfig: Changed CVar r.DBuffer=0
[2025.09.05-10.39.38:513][  0]LogConfig: Changed CVar r.ClearSceneMethod=1
[2025.09.05-10.39.38:513][  0]LogConfig: Changed CVar r.VelocityOutputPass=2
[2025.09.05-10.39.38:513][  0]LogConfig: Changed CVar r.SkinCache.CompileShaders=1
[2025.09.05-10.39.38:513][  0]LogConfig: Changed CVar r.Mobile.EnableStaticAndCSMShadowReceivers=0
[2025.09.05-10.39.38:513][  0]LogConfig: Changed CVar r.Mobile.EnableMovableLightCSMShaderCulling=1
[2025.09.05-10.39.38:513][  0]LogConfig: Changed CVar r.Mobile.AllowDistanceFieldShadows=0
[2025.09.05-10.39.38:513][  0]LogConfig: Changed CVar r.GPUSkin.Limit2BoneInfluences=1
[2025.09.05-10.39.38:513][  0]LogConfig: Changed CVar r.Tonemapper.Sharpen=0.5
[2025.09.05-10.39.38:513][  0]LogConfig: Changed CVar r.CalcLocalPlayerCachedLODDistanceFactor=0
[2025.09.05-10.39.38:513][  0]LogConfig: Changed CVar r.SSR.Temporal=1
[2025.09.05-10.39.38:513][  0]LogConfig: Changed CVar r.RayTracing=1
[2025.09.05-10.39.38:513][  0]LogConfig: Changed CVar r.RayTracing.EnableOnDemand=0
[2025.09.05-10.39.38:513][  0]LogConfig: Changed CVar r.RayTracing.SkyLight=0
[2025.09.05-10.39.38:513][  0]LogConfig: Changed CVar r.RayTracing.Shadows=0
[2025.09.05-10.39.38:513][  0]LogConfig: Changed CVar r.Lumen.HardwareRayTracing.LightingMode=2
[2025.09.05-10.39.38:513][  0]LogConfig: Changed CVar r.Lumen.Reflections.HardwareRayTracing.Reorder=1
[2025.09.05-10.39.38:513][  0]LogConfig: Changed CVar r.RHICmdWidth=16
[2025.09.05-10.39.38:513][  0]LogConfig: Changed CVar r.UseClusteredDeferredShading=1
[2025.09.05-10.39.38:513][  0]LogConfig: Changed CVar r.TranslucentLightingVolume=0
[2025.09.05-10.39.38:513][  0]LogConfig: Changed CVar r.MinScreenRadiusForLights=0.015
[2025.09.05-10.39.38:513][  0]LogConfig: Changed CVar r.AmbientOcclusion.Method=1
[2025.09.05-10.39.38:513][  0]LogConfig: Changed CVar r.GTAO.FilterWidth=2
[2025.09.05-10.39.38:513][  0]LogConfig: Changed CVar r.GTAO.ThicknessBlend=1
[2025.09.05-10.39.38:513][  0]LogConfig: Changed CVar r.GTAO.FalloffEnd=90
[2025.09.05-10.39.38:513][  0]LogConfig: Changed CVar r.GTAO.UseNormals=1
[2025.09.05-10.39.38:513][  0]LogConfig: Changed CVar r.Shadow.TexelsPerPixelSpotlight=1.2
[2025.09.05-10.39.38:513][  0]LogConfig: Changed CVar r.Shadow.TexelsPerPixelPointlight=0.6
[2025.09.05-10.39.38:513][  0]LogConfig: Changed CVar r.Shadow.MinResolution=64
[2025.09.05-10.39.38:513][  0]LogConfig: Changed CVar r.Shadow.FadeResolution=128
[2025.09.05-10.39.38:513][  0]LogConfig: Changed CVar r.Shadow.MaxNumPointShadowCacheUpdatesPerFrame=4
[2025.09.05-10.39.38:513][  0]LogConfig: Changed CVar r.Shadow.MaxNumSpotShadowCacheUpdatesPerFrame=8
[2025.09.05-10.39.38:513][  0]LogConfig: Changed CVar r.TemporalAASamples=4
[2025.09.05-10.39.38:513][  0]LogConfig: Changed CVar r.TemporalAACurrentFrameWeight=0.2
[2025.09.05-10.39.38:513][  0]LogConfig: Changed CVar r.Nanite.ProjectEnabled=0
[2025.09.05-10.39.38:513][  0]LogConfig: Changed CVar r.Nanite=0
[2025.09.05-10.39.38:513][  0]LogConfig: Changed CVar r.Shadow.Virtual.ForceOnlyVirtualShadowMaps=1
[2025.09.05-10.39.38:513][  0]LogConfig: Changed CVar r.Shadow.Virtual.DistantLightMode=1
[2025.09.05-10.39.38:513][  0]LogConfig: Changed CVar r.Shadow.Virtual.UseFarShadowCulling=0
[2025.09.05-10.39.38:513][  0]LogConfig: Changed CVar r.ReflectionMethod=1
[2025.09.05-10.39.38:513][  0]LogConfig: Changed CVar r.DistanceFieldAO=0
[2025.09.05-10.39.38:513][  0]LogConfig: Changed CVar r.SkyLight.RealTimeReflectionCapture.TimeSlice.SkyCloudCubeFacePerFrame=1
[2025.09.05-10.39.38:513][  0]LogConfig: Changed CVar r.LumenScene.DirectLighting=0
[2025.09.05-10.39.38:513][  0]LogConfig: Changed CVar r.Lumen.TranslucencyReflections.FrontLayer.EnableForProject=1
[2025.09.05-10.39.38:513][  0]LogConfig: Changed CVar r.Lumen.TranslucencyVolume.Enable=0
[2025.09.05-10.39.38:513][  0]LogConfig: Changed CVar r.Lumen.ScreenProbeGather.MaxRayIntensity=2
[2025.09.05-10.39.38:513][  0]LogConfig: Changed CVar r.Lumen.ScreenProbeGather.Temporal.MaxFramesAccumulated=32
[2025.09.05-10.39.38:513][  0]LogConfig: Changed CVar r.Lumen.ScreenProbeGather.TemporalFilterProbes=1
[2025.09.05-10.39.38:513][  0]LogConfig: Changed CVar r.Lumen.ScreenProbeGather.ShortRangeAO.NumRaysOverride=16
[2025.09.05-10.39.38:513][  0]LogConfig: Changed CVar r.Lumen.Reflections.MaxRayIntensity=4
[2025.09.05-10.39.38:513][  0]LogConfig: Changed CVar r.Lumen.Reflections.SmoothBias=0.3
[2025.09.05-10.39.38:513][  0]LogConfig: Changed CVar r.OIT.SortedPixels=1
[2025.09.05-10.39.38:513][  0]LogConfig: Changed CVar r.OIT.SortedPixels.Enable=0
[2025.09.05-10.39.38:513][  0]LogConfig: Changed CVar r.OIT.SortedPixels.PassType=3
[2025.09.05-10.39.38:513][  0]LogConfig: Changed CVar r.SkipDrawOnPSOPrecaching=1
[2025.09.05-10.39.38:513][  0]LogConfig: Changed CVar r.PSOPrecache.GlobalShaders=1
[2025.09.05-10.39.38:513][  0]LogConfig: Changed CVar r.PSOPrecache.Components=1
[2025.09.05-10.39.38:513][  0]LogConfig: Changed CVar r.PSOPrecache.Resources=1
[2025.09.05-10.39.38:513][  0]LogConfig: Changed CVar t.TargetFrameTimeThreshold=10
[2025.09.05-10.39.38:514][  0]LogConfig: Changed CVar r.AllowHDR=1
[2025.09.05-10.39.38:514][  0]LogConfig: Changed CVar r.HDR.Display.MidLuminance=26
[2025.09.05-10.39.38:514][  0]LogConfig: Changed CVar r.DefaultFeature.AutoExposure.ExtendDefaultLuminanceRange=1
[2025.09.05-10.39.38:514][  0]LogConfig: Changed CVar r.GPUScene.ParallelUpdate=1
[2025.09.05-10.39.38:514][  0]LogConfig: Changed CVar AllowAsyncRenderThreadUpdatesEditorGameWorld=1
[2025.09.05-10.39.38:514][  0]LogConfig: Changed CVar FullSizeUnitGraph=1
[2025.09.05-10.39.38:514][  0]LogConfig: Changed CVar r.NumBufferedOcclusionQueries=1
[2025.09.05-10.39.38:514][  0]LogConfig: Changed CVar r.ApproximateOcclusionQueries=1
[2025.09.05-10.39.38:514][  0]LogConfig: Changed CVar r.RHICmd.ParallelTranslate.CombineSingleAndParallel=1
[2025.09.05-10.39.38:514][  0]LogConfig: Changed CVar r.Shaders.RemoveUnusedInterpolators=1
[2025.09.05-10.39.38:514][  0]LogConfig: Applying CVar settings from Section [/Script/Engine.RendererOverrideSettings] File [Engine]
[2025.09.05-10.39.38:514][  0]LogConfig: Applying CVar settings from Section [/Script/Engine.StreamingSettings] File [Engine]
[2025.09.05-10.39.38:514][  0]LogConfig: Changed CVar s.MinBulkDataSizeForAsyncLoading=131072
[2025.09.05-10.39.38:514][  0]LogConfig: Changed CVar s.AsyncLoadingThreadEnabled=1
[2025.09.05-10.39.38:514][  0]LogConfig: Changed CVar s.EventDrivenLoaderEnabled=1
[2025.09.05-10.39.38:514][  0]LogConfig: Changed CVar s.WarnIfTimeLimitExceeded=0
[2025.09.05-10.39.38:514][  0]LogConfig: Changed CVar s.TimeLimitExceededMultiplier=1.5
[2025.09.05-10.39.38:514][  0]LogConfig: Changed CVar s.TimeLimitExceededMinTime=0.005
[2025.09.05-10.39.38:514][  0]LogConfig: Changed CVar s.UseBackgroundLevelStreaming=1
[2025.09.05-10.39.38:514][  0]LogConfig: Changed CVar s.PriorityAsyncLoadingExtraTime=15.0
[2025.09.05-10.39.38:514][  0]LogConfig: Changed CVar s.LevelStreamingActorsUpdateTimeLimit=5.0
[2025.09.05-10.39.38:514][  0]LogConfig: Changed CVar s.PriorityLevelStreamingActorsUpdateExtraTime=5.0
[2025.09.05-10.39.38:514][  0]LogConfig: Changed CVar s.LevelStreamingComponentsRegistrationGranularity=10
[2025.09.05-10.39.38:514][  0]LogConfig: Changed CVar s.UnregisterComponentsTimeLimit=1.0
[2025.09.05-10.39.38:514][  0]LogConfig: Changed CVar s.LevelStreamingComponentsUnregistrationGranularity=5
[2025.09.05-10.39.38:514][  0]LogConfig: Changed CVar s.FlushStreamingOnExit=1
[2025.09.05-10.39.38:514][  0]LogConfig: Applying CVar settings from Section [/Script/Engine.GarbageCollectionSettings] File [Engine]
[2025.09.05-10.39.38:514][  0]LogConfig: Changed CVar gc.MaxObjectsNotConsideredByGC=1
[2025.09.05-10.39.38:514][  0]LogConfig: Changed CVar gc.FlushStreamingOnGC=0
[2025.09.05-10.39.38:514][  0]LogConfig: Changed CVar gc.NumRetriesBeforeForcingGC=10
[2025.09.05-10.39.38:514][  0]LogConfig: Changed CVar gc.AllowParallelGC=1
[2025.09.05-10.39.38:514][  0]LogConfig: Changed CVar gc.TimeBetweenPurgingPendingKillObjects=30.55
[2025.09.05-10.39.38:514][  0]LogConfig: Changed CVar gc.MaxObjectsInEditor=25165824
[2025.09.05-10.39.38:514][  0]LogConfig: Changed CVar gc.IncrementalBeginDestroyEnabled=1
[2025.09.05-10.39.38:514][  0]LogConfig: Changed CVar gc.CreateGCClusters=1
[2025.09.05-10.39.38:514][  0]LogConfig: Changed CVar gc.MinGCClusterSize=5
[2025.09.05-10.39.38:514][  0]LogConfig: Changed CVar gc.AssetClustreringEnabled=0
[2025.09.05-10.39.38:514][  0]LogConfig: Changed CVar gc.ActorClusteringEnabled=0
[2025.09.05-10.39.38:514][  0]LogConfig: Changed CVar gc.VerifyUObjectsAreNotFGCObjects=0
[2025.09.05-10.39.38:514][  0]LogConfig: Changed CVar gc.GarbageEliminationEnabled=1
[2025.09.05-10.39.38:514][  0]LogConfig: Applying CVar settings from Section [/Script/Engine.NetworkSettings] File [Engine]
[2025.09.05-10.39.38:514][  0]LogConfig: Changed CVar net.PacketOrderMaxMissingPackets=31
[2025.09.05-10.39.38:514][  0]LogConfig: Changed CVar net.PacketOrderMaxCachedPackets=512
[2025.09.05-10.39.38:514][  0]LogConfig: Changed CVar net.EnableDetailedScopeCounters=0
[2025.09.05-10.39.38:514][  0]LogConfig: Changed CVar net.VerifyMagicHeader=1
[2025.09.05-10.39.38:514][  0]LogConfig: Changed CVar net.MaxChannelSize=8
[2025.09.05-10.39.38:514][  0]LogConfig: Applying CVar settings from Section [ViewDistanceQuality@3] File [Scalability]
[2025.09.05-10.39.38:514][  0]LogConfig: Changed CVar r.SkeletalMeshLODBias=0
[2025.09.05-10.39.38:514][  0]LogConfig: Changed CVar r.ViewDistanceScale=1.0
[2025.09.05-10.39.38:514][  0]LogConfig: Changed CVar r.LightMaxDrawDistanceScale=1.0
[2025.09.05-10.39.38:514][  0]LogConfig: Changed CVar r.StaticMeshLODDistanceScale=1.0
[2025.09.05-10.39.38:514][  0]LogConfig: Applying CVar settings from Section [AntiAliasingQuality@3] File [Scalability]
[2025.09.05-10.39.38:514][  0]LogConfig: Changed CVar r.FXAA.Quality=4
[2025.09.05-10.39.38:514][  0]LogConfig: Changed CVar r.TemporalAA.Quality=2
[2025.09.05-10.39.38:514][  0]LogConfig: Changed CVar r.TSR.History.R11G11B10=1
[2025.09.05-10.39.38:514][  0]LogConfig: Changed CVar r.TSR.History.ScreenPercentage=200
[2025.09.05-10.39.38:514][  0]LogConfig: Changed CVar r.TSR.History.UpdateQuality=3
[2025.09.05-10.39.38:514][  0]LogConfig: Changed CVar r.TSR.ShadingRejection.Flickering=1
[2025.09.05-10.39.38:514][  0]LogConfig: Changed CVar r.TSR.RejectionAntiAliasingQuality=2
[2025.09.05-10.39.38:514][  0]LogConfig: Changed CVar r.TSR.ReprojectionField=1
[2025.09.05-10.39.38:514][  0]LogConfig: Changed CVar r.TSR.Resurrection=1
[2025.09.05-10.39.38:514][  0]LogConfig: Applying CVar settings from Section [ShadowQuality@3] File [Scalability]
[2025.09.05-10.39.38:514][  0]LogConfig: Changed CVar r.LightFunctionQuality=1
[2025.09.05-10.39.38:514][  0]LogConfig: Changed CVar r.ShadowQuality=5
[2025.09.05-10.39.38:514][  0]LogConfig: Changed CVar r.Shadow.CSM.MaxCascades=4
[2025.09.05-10.39.38:514][  0]LogConfig: Changed CVar r.Shadow.MaxResolution=2048
[2025.09.05-10.39.38:514][  0]LogConfig: Changed CVar r.Shadow.MaxCSMResolution=4096
[2025.09.05-10.39.38:514][  0]LogConfig: Changed CVar r.Shadow.RadiusThreshold=0.01
[2025.09.05-10.39.38:514][  0]LogConfig: Changed CVar r.Shadow.DistanceScale=1.0
[2025.09.05-10.39.38:514][  0]LogConfig: Changed CVar r.Shadow.CSM.TransitionScale=1.0
[2025.09.05-10.39.38:514][  0]LogConfig: Changed CVar r.Shadow.PreShadowResolutionFactor=1.0
[2025.09.05-10.39.38:514][  0]LogConfig: Changed CVar r.DistanceFieldShadowing=1
[2025.09.05-10.39.38:514][  0]LogConfig: Changed CVar r.VolumetricFog=1
[2025.09.05-10.39.38:514][  0]LogConfig: Changed CVar r.VolumetricFog.GridPixelSize=8
[2025.09.05-10.39.38:514][  0]LogConfig: Changed CVar r.VolumetricFog.GridSizeZ=128
[2025.09.05-10.39.38:514][  0]LogConfig: Changed CVar r.VolumetricFog.HistoryMissSupersampleCount=4
[2025.09.05-10.39.38:514][  0]LogConfig: Changed CVar r.CapsuleShadows=1
[2025.09.05-10.39.38:514][  0]LogConfig: Changed CVar r.Shadow.Virtual.MaxPhysicalPages=4096
[2025.09.05-10.39.38:514][  0]LogConfig: Changed CVar r.Shadow.Virtual.ResolutionLodBiasDirectional=-1.5
[2025.09.05-10.39.38:514][  0]LogConfig: Changed CVar r.Shadow.Virtual.ResolutionLodBiasDirectionalMoving=-1.5
[2025.09.05-10.39.38:514][  0]LogConfig: Changed CVar r.Shadow.Virtual.ResolutionLodBiasLocal=0.0
[2025.09.05-10.39.38:514][  0]LogConfig: Changed CVar r.Shadow.Virtual.ResolutionLodBiasLocalMoving=1.0
[2025.09.05-10.39.38:514][  0]LogConfig: Changed CVar r.Shadow.Virtual.SMRT.RayCountDirectional=8
[2025.09.05-10.39.38:514][  0]LogConfig: Changed CVar r.Shadow.Virtual.SMRT.SamplesPerRayDirectional=4
[2025.09.05-10.39.38:514][  0]LogConfig: Changed CVar r.Shadow.Virtual.SMRT.RayCountLocal=8
[2025.09.05-10.39.38:514][  0]LogConfig: Changed CVar r.Shadow.Virtual.SMRT.SamplesPerRayLocal=4
[2025.09.05-10.39.38:514][  0]LogConfig: Changed CVar r.ContactShadows=1
[2025.09.05-10.39.38:514][  0]LogConfig: Changed CVar r.Shadow.FilterMethod=0
[2025.09.05-10.39.38:514][  0]LogConfig: Applying CVar settings from Section [GlobalIlluminationQuality@3] File [Scalability]
[2025.09.05-10.39.38:514][  0]LogConfig: Changed CVar r.AOQuality=2
[2025.09.05-10.39.38:514][  0]LogConfig: Changed CVar r.Lumen.DiffuseIndirect.Allow=1
[2025.09.05-10.39.38:514][  0]LogConfig: Changed CVar r.LumenScene.Radiosity.ProbeSpacing=4
[2025.09.05-10.39.38:514][  0]LogConfig: Changed CVar r.LumenScene.Radiosity.HemisphereProbeResolution=4
[2025.09.05-10.39.38:514][  0]LogConfig: Changed CVar r.Lumen.TraceMeshSDFs.Allow=1
[2025.09.05-10.39.38:514][  0]LogConfig: Changed CVar r.Lumen.ScreenProbeGather.RadianceCache.ProbeResolution=32
[2025.09.05-10.39.38:514][  0]LogConfig: Changed CVar r.Lumen.ScreenProbeGather.RadianceCache.NumProbesToTraceBudget=300
[2025.09.05-10.39.38:514][  0]LogConfig: Changed CVar r.Lumen.ScreenProbeGather.DownsampleFactor=16
[2025.09.05-10.39.38:514][  0]LogConfig: Changed CVar r.Lumen.ScreenProbeGather.TracingOctahedronResolution=8
[2025.09.05-10.39.38:514][  0]LogConfig: Changed CVar r.Lumen.ScreenProbeGather.IrradianceFormat=0
[2025.09.05-10.39.38:514][  0]LogConfig: Changed CVar r.Lumen.ScreenProbeGather.StochasticInterpolation=0
[2025.09.05-10.39.38:514][  0]LogConfig: Changed CVar r.Lumen.ScreenProbeGather.FullResolutionJitterWidth=1
[2025.09.05-10.39.38:514][  0]LogConfig: Changed CVar r.Lumen.ScreenProbeGather.TwoSidedFoliageBackfaceDiffuse=1
[2025.09.05-10.39.38:514][  0]LogConfig: Changed CVar r.Lumen.ScreenProbeGather.ScreenTraces.HZBTraversal.FullResDepth=1
[2025.09.05-10.39.38:514][  0]LogConfig: Changed CVar r.Lumen.ScreenProbeGather.ShortRangeAO.HardwareRayTracing=0
[2025.09.05-10.39.38:514][  0]LogConfig: Changed CVar r.Lumen.TranslucencyVolume.GridPixelSize=32
[2025.09.05-10.39.38:514][  0]LogConfig: Changed CVar r.Lumen.TranslucencyVolume.TraceFromVolume=1
[2025.09.05-10.39.38:514][  0]LogConfig: Changed CVar r.Lumen.TranslucencyVolume.TracingOctahedronResolution=3
[2025.09.05-10.39.38:514][  0]LogConfig: Changed CVar r.Lumen.TranslucencyVolume.RadianceCache.ProbeResolution=8
[2025.09.05-10.39.38:514][  0]LogConfig: Changed CVar r.Lumen.TranslucencyVolume.RadianceCache.NumProbesToTraceBudget=200
[2025.09.05-10.39.38:514][  0]LogConfig: Changed CVar r.SkyLight.RealTimeReflectionCapture=1
[2025.09.05-10.39.38:514][  0]LogConfig: Changed CVar r.SSGI.Quality=3
[2025.09.05-10.39.38:514][  0]LogConfig: Applying CVar settings from Section [ReflectionQuality@3] File [Scalability]
[2025.09.05-10.39.38:514][  0]LogConfig: Changed CVar r.SSR.Quality=3
[2025.09.05-10.39.38:514][  0]LogConfig: Changed CVar r.SSR.HalfResSceneColor=0
[2025.09.05-10.39.38:514][  0]LogConfig: Changed CVar r.Lumen.Reflections.Allow=1
[2025.09.05-10.39.38:514][  0]LogConfig: Changed CVar r.Lumen.Reflections.DownsampleFactor=1
[2025.09.05-10.39.38:514][  0]LogConfig: Changed CVar r.Lumen.Reflections.MaxRoughnessToTraceForFoliage=0.4
[2025.09.05-10.39.38:514][  0]LogConfig: Changed CVar r.Lumen.ScreenProbeGather.MaxRoughnessToEvaluateRoughSpecularForFoliage=0.8
[2025.09.05-10.39.38:514][  0]LogConfig: Changed CVar r.Lumen.Reflections.ScreenSpaceReconstruction.TonemapMode=1
[2025.09.05-10.39.38:514][  0]LogConfig: Changed CVar r.Lumen.Reflections.ScreenSpaceReconstruction.MinWeight=0
[2025.09.05-10.39.38:514][  0]LogConfig: Changed CVar r.Lumen.TranslucencyReflections.FrontLayer.Allow=1
[2025.09.05-10.39.38:514][  0]LogConfig: Changed CVar r.Lumen.TranslucencyReflections.FrontLayer.Enable=0
[2025.09.05-10.39.38:514][  0]LogConfig: Applying CVar settings from Section [PostProcessQuality@3] File [Scalability]
[2025.09.05-10.39.38:514][  0]LogConfig: Changed CVar r.MotionBlurQuality=4
[2025.09.05-10.39.38:514][  0]LogConfig: Changed CVar r.MotionBlur.HalfResGather=0
[2025.09.05-10.39.38:514][  0]LogConfig: Changed CVar r.AmbientOcclusionMipLevelFactor=0.4
[2025.09.05-10.39.38:514][  0]LogConfig: Changed CVar r.AmbientOcclusionMaxQuality=100
[2025.09.05-10.39.38:514][  0]LogConfig: Changed CVar r.AmbientOcclusionLevels=-1
[2025.09.05-10.39.38:514][  0]LogConfig: Changed CVar r.AmbientOcclusionRadiusScale=1.0
[2025.09.05-10.39.38:514][  0]LogConfig: Changed CVar r.DepthOfFieldQuality=2
[2025.09.05-10.39.38:514][  0]LogConfig: Changed CVar r.RenderTargetPoolMin=400
[2025.09.05-10.39.38:514][  0]LogConfig: Changed CVar r.LensFlareQuality=2
[2025.09.05-10.39.38:514][  0]LogConfig: Changed CVar r.SceneColorFringeQuality=1
[2025.09.05-10.39.38:514][  0]LogConfig: Changed CVar r.EyeAdaptationQuality=2
[2025.09.05-10.39.38:514][  0]LogConfig: Changed CVar r.BloomQuality=5
[2025.09.05-10.39.38:514][  0]LogConfig: Changed CVar r.Bloom.ScreenPercentage=50.000
[2025.09.05-10.39.38:514][  0]LogConfig: Changed CVar r.FastBlurThreshold=100
[2025.09.05-10.39.38:514][  0]LogConfig: Changed CVar r.Upscale.Quality=3
[2025.09.05-10.39.38:514][  0]LogConfig: Changed CVar r.LightShaftQuality=1
[2025.09.05-10.39.38:514][  0]LogConfig: Changed CVar r.Filter.SizeScale=1
[2025.09.05-10.39.38:514][  0]LogConfig: Changed CVar r.Tonemapper.Quality=5
[2025.09.05-10.39.38:514][  0]LogConfig: Changed CVar r.DOF.Gather.ResolutionDivisor=2         ; lower gathering resolution
[2025.09.05-10.39.38:514][  0]LogConfig: Changed CVar r.DOF.Gather.AccumulatorQuality=1        ; higher gathering accumulator quality
[2025.09.05-10.39.38:514][  0]LogConfig: Changed CVar r.DOF.Gather.PostfilterMethod=1          ; Median3x3 postfilering method
[2025.09.05-10.39.38:514][  0]LogConfig: Changed CVar r.DOF.Gather.EnableBokehSettings=0       ; no bokeh simulation when gathering
[2025.09.05-10.39.38:514][  0]LogConfig: Changed CVar r.DOF.Gather.RingCount=4                 ; medium number of samples when gathering
[2025.09.05-10.39.38:514][  0]LogConfig: Changed CVar r.DOF.Scatter.ForegroundCompositing=1    ; additive foreground scattering
[2025.09.05-10.39.38:514][  0]LogConfig: Changed CVar r.DOF.Scatter.BackgroundCompositing=2    ; additive background scattering
[2025.09.05-10.39.38:514][  0]LogConfig: Changed CVar r.DOF.Scatter.EnableBokehSettings=1      ; bokeh simulation when scattering
[2025.09.05-10.39.38:514][  0]LogConfig: Changed CVar r.DOF.Scatter.MaxSpriteRatio=0.1         ; only a maximum of 10% of scattered bokeh
[2025.09.05-10.39.38:514][  0]LogConfig: Changed CVar r.DOF.Recombine.Quality=1                ; cheap slight out of focus
[2025.09.05-10.39.38:514][  0]LogConfig: Changed CVar r.DOF.Recombine.EnableBokehSettings=0    ; no bokeh simulation on slight out of focus
[2025.09.05-10.39.38:514][  0]LogConfig: Changed CVar r.DOF.TemporalAAQuality=1                ; more stable temporal accumulation
[2025.09.05-10.39.38:514][  0]LogConfig: Changed CVar r.DOF.Kernel.MaxForegroundRadius=0.025
[2025.09.05-10.39.38:514][  0]LogConfig: Changed CVar r.DOF.Kernel.MaxBackgroundRadius=0.025
[2025.09.05-10.39.38:514][  0]LogConfig: Applying CVar settings from Section [TextureQuality@3] File [Scalability]
[2025.09.05-10.39.38:514][  0]LogConfig: Changed CVar r.Streaming.MipBias=0
[2025.09.05-10.39.38:514][  0]LogConfig: Changed CVar r.Streaming.AmortizeCPUToGPUCopy=0
[2025.09.05-10.39.38:514][  0]LogConfig: Changed CVar r.Streaming.MaxNumTexturesToStreamPerFrame=0
[2025.09.05-10.39.38:514][  0]LogConfig: Changed CVar r.Streaming.Boost=1
[2025.09.05-10.39.38:514][  0]LogConfig: Changed CVar r.MaxAnisotropy=8
[2025.09.05-10.39.38:514][  0]LogConfig: Changed CVar r.VT.MaxAnisotropy=8
[2025.09.05-10.39.38:514][  0]LogConfig: Changed CVar r.Streaming.LimitPoolSizeToVRAM=0
[2025.09.05-10.39.38:514][  0]LogConfig: Changed CVar r.Streaming.PoolSize=1000
[2025.09.05-10.39.38:514][  0]LogConfig: Changed CVar r.Streaming.MaxEffectiveScreenSize=0
[2025.09.05-10.39.38:514][  0]LogConfig: Applying CVar settings from Section [EffectsQuality@3] File [Scalability]
[2025.09.05-10.39.38:514][  0]LogConfig: Changed CVar r.TranslucencyLightingVolumeDim=64
[2025.09.05-10.39.38:514][  0]LogConfig: Changed CVar r.RefractionQuality=2
[2025.09.05-10.39.38:514][  0]LogConfig: Changed CVar r.SceneColorFormat=4
[2025.09.05-10.39.38:514][  0]LogConfig: Changed CVar r.DetailMode=3
[2025.09.05-10.39.38:514][  0]LogConfig: Changed CVar r.TranslucencyVolumeBlur=1
[2025.09.05-10.39.38:514][  0]LogConfig: Changed CVar r.MaterialQualityLevel=1 ; High quality
[2025.09.05-10.39.38:514][  0]LogConfig: Changed CVar r.SSS.Scale=1
[2025.09.05-10.39.38:514][  0]LogConfig: Changed CVar r.SSS.SampleSet=2
[2025.09.05-10.39.38:514][  0]LogConfig: Changed CVar r.SSS.Quality=1
[2025.09.05-10.39.38:514][  0]LogConfig: Changed CVar r.SSS.HalfRes=0
[2025.09.05-10.39.38:514][  0]LogConfig: Changed CVar r.EmitterSpawnRateScale=1.0
[2025.09.05-10.39.38:514][  0]LogConfig: Changed CVar r.ParticleLightQuality=2
[2025.09.05-10.39.38:514][  0]LogConfig: Changed CVar r.SkyAtmosphere.AerialPerspectiveLUT.FastApplyOnOpaque=1 ; Always have FastSkyLUT 1 in this case to avoid wrong sky
[2025.09.05-10.39.38:514][  0]LogConfig: Changed CVar r.SkyAtmosphere.AerialPerspectiveLUT.SampleCountMaxPerSlice=4
[2025.09.05-10.39.38:514][  0]LogConfig: Changed CVar r.SkyAtmosphere.AerialPerspectiveLUT.DepthResolution=16.0
[2025.09.05-10.39.38:514][  0]LogConfig: Changed CVar r.SkyAtmosphere.FastSkyLUT=1
[2025.09.05-10.39.38:514][  0]LogConfig: Changed CVar r.SkyAtmosphere.FastSkyLUT.SampleCountMin=4.0
[2025.09.05-10.39.38:514][  0]LogConfig: Changed CVar r.SkyAtmosphere.FastSkyLUT.SampleCountMax=128.0
[2025.09.05-10.39.38:514][  0]LogConfig: Changed CVar r.SkyAtmosphere.SampleCountMin=4.0
[2025.09.05-10.39.38:514][  0]LogConfig: Changed CVar r.SkyAtmosphere.SampleCountMax=128.0
[2025.09.05-10.39.38:514][  0]LogConfig: Changed CVar r.SkyAtmosphere.TransmittanceLUT.UseSmallFormat=0
[2025.09.05-10.39.38:514][  0]LogConfig: Changed CVar r.SkyAtmosphere.TransmittanceLUT.SampleCount=10.0
[2025.09.05-10.39.38:514][  0]LogConfig: Changed CVar r.SkyAtmosphere.MultiScatteringLUT.SampleCount=15.0
[2025.09.05-10.39.38:514][  0]LogConfig: Changed CVar fx.Niagara.QualityLevel=3
[2025.09.05-10.39.38:514][  0]LogConfig: Changed CVar r.Refraction.OffsetQuality=1
[2025.09.05-10.39.38:514][  0]LogConfig: Changed CVar r.HeterogeneousVolumes.DownsampleFactor=1
[2025.09.05-10.39.38:514][  0]LogConfig: Changed CVar r.HeterogeneousVolumes.MaxStepCount=512
[2025.09.05-10.39.38:514][  0]LogConfig: Changed CVar r.HeterogeneousVolumes.Shadows.Resolution=512
[2025.09.05-10.39.38:514][  0]LogConfig: Applying CVar settings from Section [FoliageQuality@3] File [Scalability]
[2025.09.05-10.39.38:514][  0]LogConfig: Changed CVar foliage.DensityScale=1.0
[2025.09.05-10.39.38:514][  0]LogConfig: Changed CVar grass.DensityScale=1.0
[2025.09.05-10.39.38:514][  0]LogConfig: Applying CVar settings from Section [ShadingQuality@3] File [Scalability]
[2025.09.05-10.39.38:514][  0]LogConfig: Changed CVar r.HairStrands.SkyLighting.IntegrationType=2
[2025.09.05-10.39.38:514][  0]LogConfig: Changed CVar r.HairStrands.SkyAO.SampleCount=4
[2025.09.05-10.39.38:514][  0]LogConfig: Changed CVar r.HairStrands.Visibility.MSAA.SamplePerPixel=4
[2025.09.05-10.39.38:514][  0]LogConfig: Changed CVar r.AnisotropicMaterials=1
[2025.09.05-10.39.38:514][  0]LogConfig: Applying CVar settings from Section [LandscapeQuality@3] File [Scalability]
[2025.09.05-10.39.38:514][  0]LogLinux: Selected Device Profile: [LinuxServer]
[2025.09.05-10.39.38:514][  0]LogInit: Selected Device Profile: [LinuxServer]
[2025.09.05-10.39.38:514][  0]LogHAL: Display: Platform has ~ 32 GB [33525166080 / 34359738368 / 32], which maps to Largest [LargestMinGB=32, LargerMinGB=12, DefaultMinGB=8, SmallerMinGB=6, SmallestMinGB=0)
[2025.09.05-10.39.38:514][  0]LogDeviceProfileManager: Going up to parent DeviceProfile [Linux]
[2025.09.05-10.39.38:514][  0]LogDeviceProfileManager: Going up to parent DeviceProfile []
[2025.09.05-10.39.38:514][  0]LogDeviceProfileManager: Pushing Device Profile CVar: [[UI.SlateSDFText.RasterizationMode:Bitmap -> Msdf]]
[2025.09.05-10.39.38:514][  0]LogDeviceProfileManager: Pushing Device Profile CVar: [[UI.SlateSDFText.ResolutionLevel:2 -> 2]]
[2025.09.05-10.39.38:514][  0]LogConfig: Applying CVar settings from Section [ConsoleVariables] File [Engine]
[2025.09.05-10.39.38:514][  0]LogConfig: Changed CVar memory.MemoryPressureCriticalThresholdMB=512
[2025.09.05-10.39.38:514][  0]LogConfig: Changed CVar p.ClientAuthorityThresholdOnBaseChange=150
[2025.09.05-10.39.38:514][  0]LogConfig: Changed CVar p.MaxFallingCorrectionLeash=250
[2025.09.05-10.39.38:514][  0]LogConfig: Changed CVar g.TimeoutForBlockOnRenderFence=60000
[2025.09.05-10.39.38:514][  0]LogInit: Unix hardware info:
[2025.09.05-10.39.38:514][  0]LogInit:  - we are the first instance of this executable
[2025.09.05-10.39.38:514][  0]LogInit:  - this process' id (pid) is 9837, parent process' id (ppid) is 9781
[2025.09.05-10.39.38:514][  0]LogInit:  - we are not running under debugger
[2025.09.05-10.39.38:514][  0]LogInit:  - we're logged in locally
[2025.09.05-10.39.38:514][  0]LogInit:  - we're running without rendering
[2025.09.05-10.39.38:514][  0]LogInit:  - CPU: GenuineIntel 'Intel(R) Core(TM) i9-14900K' (signature: 0xB0671)
[2025.09.05-10.39.38:514][  0]LogInit:  - Number of physical cores available for the process: 16
[2025.09.05-10.39.38:514][  0]LogInit:  - Number of logical cores available for the process: 32
[2025.09.05-10.39.38:514][  0]LogInit:  - GPU Brand Info: UnknownVendor
[2025.09.05-10.39.38:514][  0]LogInit:  - Memory allocator used: Binned2
[2025.09.05-10.39.38:514][  0]LogInit:  - This is an internal build.
[2025.09.05-10.39.38:514][  0]LogCore: Benchmarking clocks:
[2025.09.05-10.39.38:514][  0]LogCore:  - CLOCK_MONOTONIC (id=1) can sustain 58361138 (58361K, 58M) calls per second without zero deltas.
[2025.09.05-10.39.38:514][  0]LogCore:  - CLOCK_MONOTONIC_RAW (id=4) can sustain 57238238 (57238K, 57M) calls per second without zero deltas.
[2025.09.05-10.39.38:514][  0]LogCore:  - CLOCK_MONOTONIC_COARSE (id=6) can sustain 226770301 (226770K, 227M) calls per second with 99.999886% zero deltas.
[2025.09.05-10.39.38:514][  0]LogCore: Selected clock_id 1 (CLOCK_MONOTONIC) since it is the fastest support clock without zero deltas.
[2025.09.05-10.39.38:514][  0]LogInit: Unix-specific commandline switches:
[2025.09.05-10.39.38:514][  0]LogInit:  -ansimalloc - use malloc()/free() from libc (useful for tools like valgrind and electric fence)
[2025.09.05-10.39.38:514][  0]LogInit:  -jemalloc - use jemalloc for all memory allocation
[2025.09.05-10.39.38:514][  0]LogInit:  -binnedmalloc - use binned malloc  for all memory allocation
[2025.09.05-10.39.38:514][  0]LogInit:  -filemapcachesize=NUMBER - set the size for case-sensitive file mapping cache
[2025.09.05-10.39.38:514][  0]LogInit:  -useksm - uses kernel same-page mapping (KSM) for mapped memory (OFF)
[2025.09.05-10.39.38:514][  0]LogInit:  -ksmmergeall - marks all mmap'd memory pages suitable for KSM (OFF)
[2025.09.05-10.39.38:514][  0]LogInit:  -preloadmodulesymbols - Loads the main module symbols file into memory (OFF)
[2025.09.05-10.39.38:514][  0]LogInit:  -sigdfl=SIGNAL - Allows a specific signal to be set to its default handler rather then ignoring the signal
[2025.09.05-10.39.38:514][  0]LogInit:  -crashhandlerstacksize - Allows setting crash handler stack sizes (204800)
[2025.09.05-10.39.38:514][  0]LogInit:  -noexclusivelockonwrite - disables marking files created by the engine as exclusive locked while the engine has them opened
[2025.09.05-10.39.38:514][  0]LogInit:  -httpproxy=ADDRESS:PORT - redirects HTTP requests to a proxy (only supported if compiled with libcurl)
[2025.09.05-10.39.38:514][  0]LogInit:  -reuseconn - allow libcurl to reuse HTTP connections (only matters if compiled with libcurl)
[2025.09.05-10.39.38:514][  0]LogInit:  -virtmemkb=NUMBER - sets process virtual memory (address space) limit (overrides VirtualMemoryLimitInKB value from .ini)
[2025.09.05-10.39.38:514][  0]LogInit:  -allowsyscallfilterfile=PATH_TO_FILE - sets up a system call filter allow list. any invalid syscall in this list *will* cause a crash
[2025.09.05-10.39.38:514][  0]LogInit:  - Physical RAM available (not considering process quota): 32 GB (31972 MB, 32739420 KB, 33525166080 bytes)
[2025.09.05-10.39.38:514][  0]LogInit:  - VirtualMemoryAllocator pools will grow at scale 1
[2025.09.05-10.39.38:514][  0]LogInit:  - MemoryRangeDecommit() will will evict the memory from RAM (re-run with -novmapoolevict to change)
[2025.09.05-10.39.38:514][  0]LogInit:  - PageSize 4096
[2025.09.05-10.39.38:514][  0]LogInit:  - BinnedPageSize 65536
[2025.09.05-10.39.38:514][  0]LogInit: Physics initialised using underlying interface: PhysX
[2025.09.05-10.39.38:516][  0]LogInit: Using OS detected language (en-US-POSIX).
[2025.09.05-10.39.38:516][  0]LogInit: Using OS detected locale (en-US-POSIX).
[2025.09.05-10.39.38:516][  0]LogTextLocalizationManager: No specific localization for 'en-US-POSIX' exists, so 'en' will be used for the language.
[2025.09.05-10.39.38:524][  0]LogInit: Initializing FReadOnlyCVARCache
[2025.09.05-10.39.38:529][  0]LogRendererCore: Ray tracing is disabled. Reason: not supported by current RHI.
[2025.09.05-10.39.38:531][  0]LogInit: Using OS detected language (en-US-POSIX).
[2025.09.05-10.39.38:531][  0]LogInit: Using OS detected locale (en-US-POSIX).
[2025.09.05-10.39.38:531][  0]LogTextLocalizationManager: No specific localization for 'en-US-POSIX' exists, so 'en' will be used for the language.
[2025.09.05-10.39.38:531][  0]LogAssetRegistry: FAssetRegistry took 0.0000 seconds to start up
[2025.09.05-10.39.38:589][  0]LogStreaming: Display: FlushAsyncLoading(1): 1 QueuedPackages, 0 AsyncPackages
[2025.09.05-10.39.38:590][  0]LogFilePackageStore: Updated: NewPackages=8425, OldPackages=0, TotalPackages=8426
[2025.09.05-10.39.38:591][  0]LogLinux: Selected Device Profile: [LinuxServer]
[2025.09.05-10.39.38:591][  0]LogDeviceProfileManager: Active device profile: [0x744f50278ff8][0x744f702f4060 66] LinuxServer
[2025.09.05-10.39.38:594][  0]LogConfig: Branch 'EditorPerProjectUserSettings' had been unloaded. Reloading on-demand took 0.29ms
[2025.09.05-10.39.38:602][  0]LogConfig: Branch 'GameplayTagsList' had been unloaded. Reloading on-demand took 0.28ms
[2025.09.05-10.39.38:604][  0]LogConfig: Branch 'Mass' had been unloaded. Reloading on-demand took 0.26ms
[2025.09.05-10.39.38:605][  0]LogConfig: Applying CVar settings from Section [/Script/VoxelCore.VoxelDeveloperSettings] File [Engine]
[2025.09.05-10.39.38:605][  0]LogConfig: Applying CVar settings from Section [/Script/VoxelCore.VoxelShaderHooksSettings] File [Engine]
[2025.09.05-10.39.38:605][  0]LogMetaSound: Display: MetaSound Page Target Initialized to 'Default'
[2025.09.05-10.39.38:612][  0]LogConfig: Branch 'EditorBrickadiaAuthUserSettings' had been unloaded. Reloading on-demand took 0.29ms
[2025.09.05-10.39.38:619][  0]LogStreaming: Warning: LoadPackage: SkipPackage: /Engine/EngineFonts/Roboto (0x6DC6E590848F5708) - The package to load does not exist on disk or in the loader
[2025.09.05-10.39.38:619][  0]LogStreaming: Warning: LoadPackage: SkipPackage: /Game/UI/Shared/Fonts/GlacialIndifference/GlacialIndifference (0xF7BD004975117542) - The package to load does not exist on disk or in the loader
[2025.09.05-10.39.38:622][  0]LogPackageLocalizationCache: Processed 25 localized package path(s) for 1 prioritized culture(s) in 0.000024 seconds
[2025.09.05-10.39.38:633][  0]LogAudio: Display: Registering Engine Module Parameter Interfaces...
[2025.09.05-10.39.38:633][  0]LogMetaSound: MetaSound Engine Initialized
[2025.09.05-10.39.38:634][  0]LogBrickadia: Gathering outdated backups.
[2025.09.05-10.39.38:634][  0]LogBrickadia: Found 0 files and 0 folders to delete from backups.
[2025.09.05-10.39.38:637][  0]LogUObjectArray: 26130 objects as part of root set at end of initial load.
[2025.09.05-10.39.38:637][  0]LogUObjectArray: 221 objects are not in the root set, but can never be destroyed because they are in the DisregardForGC set.
[2025.09.05-10.39.38:637][  0]LogUObjectArray: CloseDisregardForGC: 26130/26130 objects in disregard for GC pool
[2025.09.05-10.39.38:641][  0]LogStreaming: Display: AsyncLoading2 - NotifyRegistrationComplete: Registered 25350 public script object entries (663.99 KB)
[2025.09.05-10.39.38:641][  0]LogStreaming: Display: AsyncLoading2 - Thread Started: true, IsInitialLoad: false
[2025.09.05-10.39.38:641][  0]LogEngine: Initializing Engine...
[2025.09.05-10.39.38:641][  0]LogStats: UGameplayTagsManager::InitializeManager -  0.000 s
[2025.09.05-10.39.38:645][  0]LogAssetManager: Display: Ignoring PrimaryAssetType BrickAudioDescriptor - Conflicts with MusicDescriptor - Asset: MUS_Shimmer
[2025.09.05-10.39.38:650][  0]LogNetVersion: Set ProjectVersion to 1.0.0.0. Version Checksum will be recalculated on next use.
[2025.09.05-10.39.38:650][  0]LogInit: Texture streaming: Disabled
[2025.09.05-10.39.38:681][  0]LogNiagara: UAV Float16 is not supported, compressed GPU emitters will be disabled.
[2025.09.05-10.39.38:685][  0]LogGameSettings: Initializing game settings subsystem...
[2025.09.05-10.39.38:686][  0]LogGameSettings: Found server settings class BRServerSettings_Color.
[2025.09.05-10.39.38:686][  0]LogGameSettings: Creating instance to load config of game settings class BP_GameSettings_Audio_C.
[2025.09.05-10.39.38:686][  0]LogGameSettings: Creating instance to load config of game settings class BP_GameSettings_Controls_C.
[2025.09.05-10.39.38:686][  0]LogGameSettings: Caching default action and axis details...
[2025.09.05-10.39.38:686][  0]LogGameSettings:   Got 153 action bindings and 31 axis bindings.
[2025.09.05-10.39.38:686][  0]LogGameSettings:   Grouped 135 action details and 14 axis details.
[2025.09.05-10.39.38:686][  0]LogGameSettings: Generating derived action and axis bindings...
[2025.09.05-10.39.38:686][  0]LogGameSettings:   Got 135 action details and 14 axis details for defaults.
[2025.09.05-10.39.38:686][  0]LogGameSettings:   Got 0 action details and 0 axis details for overrides.
[2025.09.05-10.39.38:686][  0]LogGameSettings:   Created 145 action bindings and 31 axis bindings.
[2025.09.05-10.39.38:686][  0]LogGameSettings: Creating instance to load config of game settings class BP_GameSettings_General_C.
[2025.09.05-10.39.38:686][  0]LogGameSettings: Creating instance to load config of game settings class BP_GameSettings_Misc_C.
[2025.09.05-10.39.38:686][  0]LogGameSettings: Found server settings class BP_ServerSettings_General_C.
[2025.09.05-10.39.38:686][  0]LogGameSettings: Found server settings class BP_ServerSettingsAutoSave_C.
[2025.09.05-10.39.38:686][  0]LogGameSettings: Took 0.001836 seconds to load all game settings.
[2025.09.05-10.39.38:686][  0]LogPresets: Preset subsystem initializing.
[2025.09.05-10.39.38:686][  0]LogChatCommands: Starting sync load for 46 preset descriptors.
[2025.09.05-10.39.38:687][  0]LogPresets: Finished loading preset descriptors.
[2025.09.05-10.39.38:727][  0]LogChatCommands: 46 types of preset were found.
[2025.09.05-10.39.38:728][  0]LogBRAuthSubsystem: Initializing Auth Subsystem.
[2025.09.05-10.39.38:728][  0]LogBRAuthSubsystem: Found token on command line. Sending check login request.
[2025.09.05-10.39.38:728][  0]LogBRAuthSubsystem: Changing AuthState from Invalid to PendingManualCheckLogin.
[2025.09.05-10.39.38:729][  0]LogInit: Display: Game Engine Initialized.
[2025.09.05-10.39.38:729][  0]LogIris: FPolymorphicNetSerializerScriptStructCache::InitForType Updated CachedTypedIds for base RootMotionSource, NumCachedTypeIDs: 6
[2025.09.05-10.39.38:729][  0]LogInit: Display: Starting Game.
[2025.09.05-10.39.38:729][  0]LogGlobalStatus: operator() Started Browse: "/Game/Maps/ServerEntry/ServerEntry?Name=Player"
[2025.09.05-10.39.38:729][  0]LogNet: Browse: /Game/Maps/ServerEntry/ServerEntry?Name=Player
[2025.09.05-10.39.38:729][  0]LogLoad: LoadMap: /Game/Maps/ServerEntry/ServerEntry?Name=Player
[2025.09.05-10.39.38:729][  0]LogWorld: BeginTearingDown for /Temp/Untitled_0
[2025.09.05-10.39.38:729][  0]LogWorld: UWorld::CleanupWorld for Untitled, bSessionEnded=true, bCleanupResources=true
[2025.09.05-10.39.38:730][  0]LogUObjectHash: Compacting FUObjectHashTables data took   0.70ms
[2025.09.05-10.39.38:731][  0]LogUObjectHash: Compacting FUObjectHashTables data took   0.13ms
[2025.09.05-10.39.38:754][  0]LogLoad: Game class is 'BP_MainMenuMode_C'
[2025.09.05-10.39.38:754][  0]LogSockets: Warning: Unable to load SocketSubsystem module EOS
[2025.09.05-10.39.38:754][  0]LogNetCore: DDoS detection status: detection enabled: 0 analytics enabled: 0
[2025.09.05-10.39.38:754][  0]LogIris: Display: Iris ReplicationSystem[0]: ReplicationSystem_2147482441 (0x0x743988c12e60) is created
[2025.09.05-10.39.38:754][  0]LogIris: NetRefHandleManager: Configured with MaxActiveObjectCount=65536, MaxInternalNetRefIndex: 65536, Grow=16384, NetChunkedArray: Init=65536|Highest=65535
[2025.09.05-10.39.38:756][  0]LogIrisDirtyTracker: FDirtyNetObjectTracker::Init[0]: CurrentMaxSize: 65536
[2025.09.05-10.39.38:757][  0]LogIrisGroup: Created GroupHandle named: NotReplicated Index: 1 Id: 1
[2025.09.05-10.39.38:757][  0]LogIrisGroup: Created GroupHandle named: NetGroupOwner Index: 2 Id: 2
[2025.09.05-10.39.38:757][  0]LogIrisGroup: Created GroupHandle named: NetGroupReplay Index: 3 Id: 3
[2025.09.05-10.39.38:757][  0]LogPushModel: PushModel HandleCreation is now disabled
[2025.09.05-10.39.38:757][  0]LogNet: InitBase GameNetDriver (NetDriverDefinition GameNetDriver) using replication model Iris
[2025.09.05-10.39.38:757][  0]LogNet: Registering network metrics listener /Script/Engine.NetworkMetricsCSV_Replication for metric NumConnections
[2025.09.05-10.39.38:757][  0]LogNet: Registering network metrics listener /Script/Engine.NetworkMetricsCSV_Replication for metric Connections
[2025.09.05-10.39.38:757][  0]LogNet: Registering network metrics listener /Script/Engine.NetworkMetricsCSV_Replication for metric InPacketsClientAvg
[2025.09.05-10.39.38:757][  0]LogNet: Registering network metrics listener /Script/Engine.NetworkMetricsCSV_Replication for metric InPacketsClientMax
[2025.09.05-10.39.38:757][  0]LogNet: Registering network metrics listener /Script/Engine.NetworkMetricsCSV_Replication for metric NumberOfActiveActors
[2025.09.05-10.39.38:757][  0]LogNet: Registering network metrics listener /Script/Engine.NetworkMetricsCSV_Replication for metric NumberOfFullyDormantActors
[2025.09.05-10.39.38:757][  0]LogNet: Registering network metrics listener /Script/Engine.NetworkMetricsCSV_Replication for metric NumClientUpdateLevelVisibility
[2025.09.05-10.39.38:757][  0]LogNet: Registering network metrics listener /Script/Engine.NetworkMetricsCSV_Replication for metric NumReplicateActorCallsPerConAvg
[2025.09.05-10.39.38:757][  0]LogNet: Registering network metrics listener /Script/Engine.NetworkMetricsCSV_Replication for metric OutKBytes
[2025.09.05-10.39.38:757][  0]LogNet: Registering network metrics listener /Script/Engine.NetworkMetricsCSV_Replication for metric OutNetGUIDKBytesSec
[2025.09.05-10.39.38:757][  0]LogNet: Registering network metrics listener /Script/Engine.NetworkMetricsCSV_Replication for metric OutPacketsClientAvg
[2025.09.05-10.39.38:757][  0]LogNet: Registering network metrics listener /Script/Engine.NetworkMetricsCSV_Replication for metric OutPacketsClientMax
[2025.09.05-10.39.38:757][  0]LogNet: Registering network metrics listener /Script/Engine.NetworkMetricsCSV_Replication for metric SatConnections
[2025.09.05-10.39.38:757][  0]LogNet: Registering network metrics listener /Script/Engine.NetworkMetricsCSV_Replication for metric ServerReplicateActorTimeMS
[2025.09.05-10.39.38:757][  0]LogNet: Registering network metrics listener /Script/Engine.NetworkMetricsCSV_Replication for metric OutgoingReliableMessageQueueMaxSize
[2025.09.05-10.39.38:757][  0]LogNet: Registering network metrics listener /Script/Engine.NetworkMetricsCSV_Replication for metric IncomingReliableMessageQueueMaxSize
[2025.09.05-10.39.38:757][  0]LogNet: Registering network metrics listener /Script/Engine.NetworkMetricsCSV_Replication for metric InPacketsPerFrame
[2025.09.05-10.39.38:757][  0]LogNet: Registering network metrics listener /Script/Engine.NetworkMetricsCSV_Replication for metric OutPacketsPerFrame
[2025.09.05-10.39.38:757][  0]LogNet: Registering network metrics listener /Script/Engine.NetworkMetricsCSV_Replication for metric InLostPacketsFoundPerFrame
[2025.09.05-10.39.38:757][  0]LogNet: Registering network metrics listener /Script/Engine.NetworkMetricsCSV_Replication for metric OutLostPacketsFoundPerFrame
[2025.09.05-10.39.38:757][  0]LogNet: Registering network metrics listener /Script/Engine.NetworkMetricsCSV_Replication for metric Ping
[2025.09.05-10.39.38:757][  0]LogNet: Registering network metrics listener /Script/Engine.NetworkMetricsCSV_Replication for metric InRate
[2025.09.05-10.39.38:757][  0]LogNet: Registering network metrics listener /Script/Engine.NetworkMetricsCSV_Replication for metric OutRate
[2025.09.05-10.39.38:757][  0]LogNet: Registering network metrics listener /Script/Engine.NetworkMetricsCSV_Replication for metric AverageJitterInMS
[2025.09.05-10.39.38:757][  0]LogNet: Registering network metrics listener /Script/Engine.NetworkMetricsCSV_Replication for metric InPacketsLost
[2025.09.05-10.39.38:757][  0]LogNet: Registering network metrics listener /Script/Engine.NetworkMetricsCSV_Replication for metric OutPacketsLost
[2025.09.05-10.39.38:757][  0]LogNet: Registering network metrics listener /Script/Engine.NetworkMetricsPerfCounters for metric NumConnections
[2025.09.05-10.39.38:757][  0]LogNet: Registering network metrics listener /Script/Engine.NetworkMetricsPerfCounters for metric AvgPing
[2025.09.05-10.39.38:757][  0]LogNet: Registering network metrics listener /Script/Engine.NetworkMetricsPerfCounters for metric InBunches
[2025.09.05-10.39.38:757][  0]LogNet: Registering network metrics listener /Script/Engine.NetworkMetricsPerfCounters for metric InPackets
[2025.09.05-10.39.38:757][  0]LogNet: Registering network metrics listener /Script/Engine.NetworkMetricsPerfCounters for metric InPacketsClientPerSecondAvg
[2025.09.05-10.39.38:757][  0]LogNet: Registering network metrics listener /Script/Engine.NetworkMetricsPerfCounters for metric InPacketsClientPerSecondMax
[2025.09.05-10.39.38:757][  0]LogNet: Registering network metrics listener /Script/Engine.NetworkMetricsPerfCounters for metric InPacketsClientPerSecondMin
[2025.09.05-10.39.38:757][  0]LogNet: Registering network metrics listener /Script/Engine.NetworkMetricsPerfCounters for metric InPacketsLost
[2025.09.05-10.39.38:757][  0]LogNet: Registering network metrics listener /Script/Engine.NetworkMetricsPerfCounters for metric InRate
[2025.09.05-10.39.38:757][  0]LogNet: Registering network metrics listener /Script/Engine.NetworkMetricsPerfCounters for metric InRateClientAvg
[2025.09.05-10.39.38:757][  0]LogNet: Registering network metrics listener /Script/Engine.NetworkMetricsPerfCounters for metric InRateClientMax
[2025.09.05-10.39.38:757][  0]LogNet: Registering network metrics listener /Script/Engine.NetworkMetricsPerfCounters for metric InRateClientMin
[2025.09.05-10.39.38:757][  0]LogNet: Registering network metrics listener /Script/Engine.NetworkMetricsPerfCounters for metric MaxPacketOverhead
[2025.09.05-10.39.38:757][  0]LogNet: Registering network metrics listener /Script/Engine.NetworkMetricsPerfCounters for metric MaxPing
[2025.09.05-10.39.38:757][  0]LogNet: Registering network metrics listener /Script/Engine.NetworkMetricsPerfCounters for metric MinPing
[2025.09.05-10.39.38:757][  0]LogNet: Registering network metrics listener /Script/Engine.NetworkMetricsPerfCounters for metric NumClients
[2025.09.05-10.39.38:757][  0]LogNet: Registering network metrics listener /Script/Engine.NetworkMetricsPerfCounters for metric Connections
[2025.09.05-10.39.38:757][  0]LogNet: Registering network metrics listener /Script/Engine.NetworkMetricsPerfCounters for metric OutBunches
[2025.09.05-10.39.38:757][  0]LogNet: Registering network metrics listener /Script/Engine.NetworkMetricsPerfCounters for metric OutPackets
[2025.09.05-10.39.38:757][  0]LogNet: Registering network metrics listener /Script/Engine.NetworkMetricsPerfCounters for metric OutPacketsClientPerSecondAvg
[2025.09.05-10.39.38:757][  0]LogNet: Registering network metrics listener /Script/Engine.NetworkMetricsPerfCounters for metric OutPacketsClientPerSecondMax
[2025.09.05-10.39.38:757][  0]LogNet: Registering network metrics listener /Script/Engine.NetworkMetricsPerfCounters for metric OutPacketsClientPerSecondMin
[2025.09.05-10.39.38:757][  0]LogNet: Registering network metrics listener /Script/Engine.NetworkMetricsPerfCounters for metric OutPacketsLost
[2025.09.05-10.39.38:757][  0]LogNet: Registering network metrics listener /Script/Engine.NetworkMetricsPerfCounters for metric OutRate
[2025.09.05-10.39.38:757][  0]LogNet: Registering network metrics listener /Script/Engine.NetworkMetricsPerfCounters for metric OutRateClientAvg
[2025.09.05-10.39.38:757][  0]LogNet: Registering network metrics listener /Script/Engine.NetworkMetricsPerfCounters for metric OutRateClientMax
[2025.09.05-10.39.38:757][  0]LogNet: Registering network metrics listener /Script/Engine.NetworkMetricsPerfCounters for metric OutRateClientMin
[2025.09.05-10.39.38:757][  0]LogNet: Registering network metrics listener /Script/Engine.NetworkMetricsPerfCounters for metric PingBucketInt0
[2025.09.05-10.39.38:757][  0]LogNet: Registering network metrics listener /Script/Engine.NetworkMetricsPerfCounters for metric PingBucketInt1
[2025.09.05-10.39.38:757][  0]LogNet: Registering network metrics listener /Script/Engine.NetworkMetricsPerfCounters for metric PingBucketInt2
[2025.09.05-10.39.38:757][  0]LogNet: Registering network metrics listener /Script/Engine.NetworkMetricsPerfCounters for metric PingBucketInt3
[2025.09.05-10.39.38:757][  0]LogNet: Registering network metrics listener /Script/Engine.NetworkMetricsPerfCounters for metric PingBucketInt4
[2025.09.05-10.39.38:757][  0]LogNet: Registering network metrics listener /Script/Engine.NetworkMetricsPerfCounters for metric PingBucketInt5
[2025.09.05-10.39.38:757][  0]LogNet: Registering network metrics listener /Script/Engine.NetworkMetricsPerfCounters for metric PingBucketInt6
[2025.09.05-10.39.38:757][  0]LogNet: Registering network metrics listener /Script/Engine.NetworkMetricsPerfCounters for metric PingBucketInt7
[2025.09.05-10.39.38:757][  0]LogNet: Registering network metrics listener /Script/Engine.NetworkMetricsPerfCounters for metric ClosedConnectionsDueToReliableBufferOverflow
[2025.09.05-10.39.38:757][  0]LogNet: Registering network metrics listener /Script/Engine.NetworkMetricsPerfCounters for metric AddedConnections
[2025.09.05-10.39.38:758][  0]LogInit: BSD IPv4/6: Socket queue. Rx: 425984 (config 524288) Tx: 425984 (config 524288)
[2025.09.05-10.39.38:758][  0]LogNet: Created socket for bind address: 0.0.0.0:7777
[2025.09.05-10.39.38:758][  0]PacketHandlerLog: Loaded PacketHandler component: Engine.EngineHandlerComponentFactory (StatelessConnectHandlerComponent)
[2025.09.05-10.39.38:758][  0]LogNet: Name:GameNetDriver Def:GameNetDriver IpNetDriver_2147482443 IpNetDriver listening on port 7777
[2025.09.05-10.39.38:758][  0]LogWorld: Bringing World /Game/Maps/ServerEntry/ServerEntry.ServerEntry up for play (max tick rate 60) at 2025.09.05-06.39.38
[2025.09.05-10.39.38:758][  0]LogGameSettings: Creating instance to load config of server settings class BRServerSettings_Color.
[2025.09.05-10.39.38:758][  0]LogGameSettings: Creating instance to load config of server settings class BP_ServerSettings_General_C.
[2025.09.05-10.39.38:759][  0]LogGameSettings: Creating instance to load config of server settings class BP_ServerSettingsAutoSave_C.
[2025.09.05-10.39.38:759][  0]LogWorld: Bringing up level for play took: 0.001039
[2025.09.05-10.39.38:759][  0]LogLoad: Took 0.029640 seconds to LoadMap(/Game/Maps/ServerEntry/ServerEntry)
[2025.09.05-10.39.38:759][  0]LogGlobalStatus: operator() Load map complete /Game/Maps/ServerEntry/ServerEntry
[2025.09.05-10.39.38:763][  0]LogInit: Display: Engine is initialized. Leaving FEngineLoop::Init()
[2025.09.05-10.39.38:763][  0]LogLoad: (Engine Initialization) Total time: 0.49 seconds
[2025.09.05-10.39.39:015][ 14]LogBRAuthSubsystem: Received check login response, parsing.
[2025.09.05-10.39.39:015][ 14]LogBRAuthSubsystem: Received user data successfully.
[2025.09.05-10.39.39:015][ 14]LogBRAuthSubsystem: Saving login data.
[2025.09.05-10.39.39:022][ 14]LogBRAuthSubsystem: Warning: Skipping Online Service EOS auto login.
[2025.09.05-10.39.39:022][ 14]LogBRAuthSubsystem: Logged in as hoopla (hoopla - a913c7a5-f2eb-4e61-9e80-8b09d4b96322).
[2025.09.05-10.39.39:022][ 14]LogBRAuthSubsystem: Changing AuthState from PendingManualCheckLogin to ValidOnline.
[2025.09.05-10.39.39:024][ 14]LogBRAuthSubsystem: Loading world /mnt/c/Users/micke/myServer/data/Saved/Worlds/DedicatedWorld1.brdb on server.
[2025.09.05-10.39.39:024][ 15]LogBRBundles: Opening existing bundle at /mnt/c/Users/micke/myServer/data/Saved/Worlds/DedicatedWorld1.brdb, access mode: 3
[2025.09.05-10.39.39:031][ 15]LogConsoleCmd: Chat.MessageForUnknownCommands 0
[2025.09.05-10.39.39:031][ 16]Chat.MessageForUnknownCommands = "0"
[2025.09.05-10.39.39:033][ 16]LogSQLiteDatabase: Opened database '/mnt/c/Users/micke/myServer/data/Saved/Worlds/DedicatedWorld1.brdb'
[2025.09.05-10.39.39:050][ 17]LogBRBundles: Validating database schema.
[2025.09.05-10.39.39:050][ 17]LogBRBundles: Initializing database statements.
[2025.09.05-10.39.39:050][ 17]LogBRBundles: Initializing bundle database statements.
[2025.09.05-10.39.39:050][ 17]LogBRBundles: Database schema version: 1
[2025.09.05-10.39.39:082][ 18]LogBRBundleManager: Is server, using ServerTravel to /Game/Maps/Plate/Plate.Plate
[2025.09.05-10.39.39:082][ 18]LogGameMode: ProcessServerTravel: /Game/Maps/Plate/Plate?Listen
[2025.09.05-10.39.41:075][137]LogEngine: Server switch level: /Game/Maps/Plate/Plate?Listen
[2025.09.05-10.39.41:075][137]LogGlobalStatus: operator() Started Browse: "/Game/Maps/Plate/Plate?Listen"
[2025.09.05-10.39.41:075][137]LogNet: Browse: /Game/Maps/Plate/Plate?Listen
[2025.09.05-10.39.41:075][137]LogLoad: LoadMap: /Game/Maps/Plate/Plate?Listen
[2025.09.05-10.39.41:075][137]LogWorld: BeginTearingDown for /Game/Maps/ServerEntry/ServerEntry
[2025.09.05-10.39.41:075][137]LogNet: World NetDriver shutdown IpNetDriver_2147482443 [GameNetDriver]
[2025.09.05-10.39.41:075][137]LogNet: DestroyNamedNetDriver IpNetDriver_2147482443 [GameNetDriver]
[2025.09.05-10.39.41:075][137]LogIris: Display: Iris ReplicationSystem[0]: ReplicationSystem_2147482441 (0x0x743988c12e60) is about to be destroyed
[2025.09.05-10.39.41:076][137]LogExit: Name:GameNetDriver Def:GameNetDriver IpNetDriver_2147482443 shut down
[2025.09.05-10.39.41:076][137]LogWorld: UWorld::CleanupWorld for ServerEntry, bSessionEnded=true, bCleanupResources=true
[2025.09.05-10.39.41:079][137]LogUObjectHash: Compacting FUObjectHashTables data took   0.43ms
[2025.09.05-10.39.41:079][137]LogUObjectHash: Compacting FUObjectHashTables data took   0.15ms
[2025.09.05-10.39.41:107][137]LogChatCommands: Chat command world subsystem initializing.
[2025.09.05-10.39.41:107][137]LogChatCommands: Starting async load for 1 chat command libraries.
[2025.09.05-10.39.41:107][137]LogBrickComponents: Initializing brick registry...
[2025.09.05-10.39.41:107][137]LogBrickAssets: Starting async load for 213 brick assets...
[2025.09.05-10.39.41:117][137]LogBrickComponents: Loaded 99 brick component classes.
[2025.09.05-10.39.41:117][137]LogBrickAssets: Canceling async loading brick assets, required NOW.
[2025.09.05-10.39.41:119][137]LogBrickAssets: Finished async loading brick assets!
[2025.09.05-10.39.41:130][137]LogBrickComponents: Loaded 51 entity classes.
[2025.09.05-10.39.41:180][137]LogLoad: Game class is 'BP_GameModeBase_C'
[2025.09.05-10.39.41:180][137]LogSockets: Warning: Unable to load SocketSubsystem module EOS
[2025.09.05-10.39.41:180][137]LogNetCore: DDoS detection status: detection enabled: 0 analytics enabled: 0
[2025.09.05-10.39.41:180][137]LogIris: Display: Iris ReplicationSystem[0]: ReplicationSystem_2147482368 (0x0x74394324a6c0) is created
[2025.09.05-10.39.41:180][137]LogIris: NetRefHandleManager: Configured with MaxActiveObjectCount=65536, MaxInternalNetRefIndex: 65536, Grow=16384, NetChunkedArray: Init=65536|Highest=65535
[2025.09.05-10.39.41:182][137]LogIrisDirtyTracker: FDirtyNetObjectTracker::Init[0]: CurrentMaxSize: 65536
[2025.09.05-10.39.41:183][137]LogIrisGroup: Created GroupHandle named: NotReplicated Index: 1 Id: 1
[2025.09.05-10.39.41:183][137]LogIrisGroup: Created GroupHandle named: NetGroupOwner Index: 2 Id: 2
[2025.09.05-10.39.41:183][137]LogIrisGroup: Created GroupHandle named: NetGroupReplay Index: 3 Id: 3
[2025.09.05-10.39.41:183][137]LogPushModel: PushModel HandleCreation is now disabled
[2025.09.05-10.39.41:183][137]LogNet: InitBase GameNetDriver (NetDriverDefinition GameNetDriver) using replication model Iris
[2025.09.05-10.39.41:183][137]LogNet: Registering network metrics listener /Script/Engine.NetworkMetricsCSV_Replication for metric NumConnections
[2025.09.05-10.39.41:183][137]LogNet: Registering network metrics listener /Script/Engine.NetworkMetricsCSV_Replication for metric Connections
[2025.09.05-10.39.41:183][137]LogNet: Registering network metrics listener /Script/Engine.NetworkMetricsCSV_Replication for metric InPacketsClientAvg
[2025.09.05-10.39.41:183][137]LogNet: Registering network metrics listener /Script/Engine.NetworkMetricsCSV_Replication for metric InPacketsClientMax
[2025.09.05-10.39.41:183][137]LogNet: Registering network metrics listener /Script/Engine.NetworkMetricsCSV_Replication for metric NumberOfActiveActors
[2025.09.05-10.39.41:183][137]LogNet: Registering network metrics listener /Script/Engine.NetworkMetricsCSV_Replication for metric NumberOfFullyDormantActors
[2025.09.05-10.39.41:183][137]LogNet: Registering network metrics listener /Script/Engine.NetworkMetricsCSV_Replication for metric NumClientUpdateLevelVisibility
[2025.09.05-10.39.41:183][137]LogNet: Registering network metrics listener /Script/Engine.NetworkMetricsCSV_Replication for metric NumReplicateActorCallsPerConAvg
[2025.09.05-10.39.41:183][137]LogNet: Registering network metrics listener /Script/Engine.NetworkMetricsCSV_Replication for metric OutKBytes
[2025.09.05-10.39.41:183][137]LogNet: Registering network metrics listener /Script/Engine.NetworkMetricsCSV_Replication for metric OutNetGUIDKBytesSec
[2025.09.05-10.39.41:183][137]LogNet: Registering network metrics listener /Script/Engine.NetworkMetricsCSV_Replication for metric OutPacketsClientAvg
[2025.09.05-10.39.41:183][137]LogNet: Registering network metrics listener /Script/Engine.NetworkMetricsCSV_Replication for metric OutPacketsClientMax
[2025.09.05-10.39.41:183][137]LogNet: Registering network metrics listener /Script/Engine.NetworkMetricsCSV_Replication for metric SatConnections
[2025.09.05-10.39.41:183][137]LogNet: Registering network metrics listener /Script/Engine.NetworkMetricsCSV_Replication for metric ServerReplicateActorTimeMS
[2025.09.05-10.39.41:183][137]LogNet: Registering network metrics listener /Script/Engine.NetworkMetricsCSV_Replication for metric OutgoingReliableMessageQueueMaxSize
[2025.09.05-10.39.41:183][137]LogNet: Registering network metrics listener /Script/Engine.NetworkMetricsCSV_Replication for metric IncomingReliableMessageQueueMaxSize
[2025.09.05-10.39.41:183][137]LogNet: Registering network metrics listener /Script/Engine.NetworkMetricsCSV_Replication for metric InPacketsPerFrame
[2025.09.05-10.39.41:183][137]LogNet: Registering network metrics listener /Script/Engine.NetworkMetricsCSV_Replication for metric OutPacketsPerFrame
[2025.09.05-10.39.41:183][137]LogNet: Registering network metrics listener /Script/Engine.NetworkMetricsCSV_Replication for metric InLostPacketsFoundPerFrame
[2025.09.05-10.39.41:183][137]LogNet: Registering network metrics listener /Script/Engine.NetworkMetricsCSV_Replication for metric OutLostPacketsFoundPerFrame
[2025.09.05-10.39.41:183][137]LogNet: Registering network metrics listener /Script/Engine.NetworkMetricsCSV_Replication for metric Ping
[2025.09.05-10.39.41:183][137]LogNet: Registering network metrics listener /Script/Engine.NetworkMetricsCSV_Replication for metric InRate
[2025.09.05-10.39.41:183][137]LogNet: Registering network metrics listener /Script/Engine.NetworkMetricsCSV_Replication for metric OutRate
[2025.09.05-10.39.41:183][137]LogNet: Registering network metrics listener /Script/Engine.NetworkMetricsCSV_Replication for metric AverageJitterInMS
[2025.09.05-10.39.41:183][137]LogNet: Registering network metrics listener /Script/Engine.NetworkMetricsCSV_Replication for metric InPacketsLost
[2025.09.05-10.39.41:183][137]LogNet: Registering network metrics listener /Script/Engine.NetworkMetricsCSV_Replication for metric OutPacketsLost
[2025.09.05-10.39.41:183][137]LogNet: Registering network metrics listener /Script/Engine.NetworkMetricsPerfCounters for metric NumConnections
[2025.09.05-10.39.41:183][137]LogNet: Registering network metrics listener /Script/Engine.NetworkMetricsPerfCounters for metric AvgPing
[2025.09.05-10.39.41:183][137]LogNet: Registering network metrics listener /Script/Engine.NetworkMetricsPerfCounters for metric InBunches
[2025.09.05-10.39.41:183][137]LogNet: Registering network metrics listener /Script/Engine.NetworkMetricsPerfCounters for metric InPackets
[2025.09.05-10.39.41:183][137]LogNet: Registering network metrics listener /Script/Engine.NetworkMetricsPerfCounters for metric InPacketsClientPerSecondAvg
[2025.09.05-10.39.41:183][137]LogNet: Registering network metrics listener /Script/Engine.NetworkMetricsPerfCounters for metric InPacketsClientPerSecondMax
[2025.09.05-10.39.41:183][137]LogNet: Registering network metrics listener /Script/Engine.NetworkMetricsPerfCounters for metric InPacketsClientPerSecondMin
[2025.09.05-10.39.41:183][137]LogNet: Registering network metrics listener /Script/Engine.NetworkMetricsPerfCounters for metric InPacketsLost
[2025.09.05-10.39.41:183][137]LogNet: Registering network metrics listener /Script/Engine.NetworkMetricsPerfCounters for metric InRate
[2025.09.05-10.39.41:183][137]LogNet: Registering network metrics listener /Script/Engine.NetworkMetricsPerfCounters for metric InRateClientAvg
[2025.09.05-10.39.41:183][137]LogNet: Registering network metrics listener /Script/Engine.NetworkMetricsPerfCounters for metric InRateClientMax
[2025.09.05-10.39.41:183][137]LogNet: Registering network metrics listener /Script/Engine.NetworkMetricsPerfCounters for metric InRateClientMin
[2025.09.05-10.39.41:183][137]LogNet: Registering network metrics listener /Script/Engine.NetworkMetricsPerfCounters for metric MaxPacketOverhead
[2025.09.05-10.39.41:183][137]LogNet: Registering network metrics listener /Script/Engine.NetworkMetricsPerfCounters for metric MaxPing
[2025.09.05-10.39.41:183][137]LogNet: Registering network metrics listener /Script/Engine.NetworkMetricsPerfCounters for metric MinPing
[2025.09.05-10.39.41:183][137]LogNet: Registering network metrics listener /Script/Engine.NetworkMetricsPerfCounters for metric NumClients
[2025.09.05-10.39.41:183][137]LogNet: Registering network metrics listener /Script/Engine.NetworkMetricsPerfCounters for metric Connections
[2025.09.05-10.39.41:183][137]LogNet: Registering network metrics listener /Script/Engine.NetworkMetricsPerfCounters for metric OutBunches
[2025.09.05-10.39.41:183][137]LogNet: Registering network metrics listener /Script/Engine.NetworkMetricsPerfCounters for metric OutPackets
[2025.09.05-10.39.41:183][137]LogNet: Registering network metrics listener /Script/Engine.NetworkMetricsPerfCounters for metric OutPacketsClientPerSecondAvg
[2025.09.05-10.39.41:183][137]LogNet: Registering network metrics listener /Script/Engine.NetworkMetricsPerfCounters for metric OutPacketsClientPerSecondMax
[2025.09.05-10.39.41:183][137]LogNet: Registering network metrics listener /Script/Engine.NetworkMetricsPerfCounters for metric OutPacketsClientPerSecondMin
[2025.09.05-10.39.41:183][137]LogNet: Registering network metrics listener /Script/Engine.NetworkMetricsPerfCounters for metric OutPacketsLost
[2025.09.05-10.39.41:183][137]LogNet: Registering network metrics listener /Script/Engine.NetworkMetricsPerfCounters for metric OutRate
[2025.09.05-10.39.41:183][137]LogNet: Registering network metrics listener /Script/Engine.NetworkMetricsPerfCounters for metric OutRateClientAvg
[2025.09.05-10.39.41:183][137]LogNet: Registering network metrics listener /Script/Engine.NetworkMetricsPerfCounters for metric OutRateClientMax
[2025.09.05-10.39.41:183][137]LogNet: Registering network metrics listener /Script/Engine.NetworkMetricsPerfCounters for metric OutRateClientMin
[2025.09.05-10.39.41:183][137]LogNet: Registering network metrics listener /Script/Engine.NetworkMetricsPerfCounters for metric PingBucketInt0
[2025.09.05-10.39.41:183][137]LogNet: Registering network metrics listener /Script/Engine.NetworkMetricsPerfCounters for metric PingBucketInt1
[2025.09.05-10.39.41:183][137]LogNet: Registering network metrics listener /Script/Engine.NetworkMetricsPerfCounters for metric PingBucketInt2
[2025.09.05-10.39.41:183][137]LogNet: Registering network metrics listener /Script/Engine.NetworkMetricsPerfCounters for metric PingBucketInt3
[2025.09.05-10.39.41:183][137]LogNet: Registering network metrics listener /Script/Engine.NetworkMetricsPerfCounters for metric PingBucketInt4
[2025.09.05-10.39.41:183][137]LogNet: Registering network metrics listener /Script/Engine.NetworkMetricsPerfCounters for metric PingBucketInt5
[2025.09.05-10.39.41:183][137]LogNet: Registering network metrics listener /Script/Engine.NetworkMetricsPerfCounters for metric PingBucketInt6
[2025.09.05-10.39.41:183][137]LogNet: Registering network metrics listener /Script/Engine.NetworkMetricsPerfCounters for metric PingBucketInt7
[2025.09.05-10.39.41:183][137]LogNet: Registering network metrics listener /Script/Engine.NetworkMetricsPerfCounters for metric ClosedConnectionsDueToReliableBufferOverflow
[2025.09.05-10.39.41:183][137]LogNet: Registering network metrics listener /Script/Engine.NetworkMetricsPerfCounters for metric AddedConnections
[2025.09.05-10.39.41:183][137]LogInit: BSD IPv4/6: Socket queue. Rx: 425984 (config 524288) Tx: 425984 (config 524288)
[2025.09.05-10.39.41:183][137]LogNet: Created socket for bind address: 0.0.0.0:7777
[2025.09.05-10.39.41:183][137]PacketHandlerLog: Loaded PacketHandler component: Engine.EngineHandlerComponentFactory (StatelessConnectHandlerComponent)
[2025.09.05-10.39.41:183][137]LogNet: Name:GameNetDriver Def:GameNetDriver IpNetDriver_2147482370 IpNetDriver listening on port 7777
[2025.09.05-10.39.41:184][137]LogWorld: Bringing World /Game/Maps/Plate/Plate.Plate up for play (max tick rate 60) at 2025.09.05-06.39.41
[2025.09.05-10.39.41:184][137]LogGameSettings: Creating instance to load config of server settings class BRServerSettings_Color.
[2025.09.05-10.39.41:184][137]LogGameSettings: Creating instance to load config of server settings class BP_ServerSettings_General_C.
[2025.09.05-10.39.41:184][137]LogGameSettings: Creating instance to load config of server settings class BP_ServerSettingsAutoSave_C.
[2025.09.05-10.39.41:185][137]LogTemp: Warning: SetSystemSleepAllowed not implemented for this platform.
[2025.09.05-10.39.41:185][137]LogServerList: ABRGameSession::StartPostingServer
[2025.09.05-10.39.41:185][137]LogServerList: Starting periodic server posting.
[2025.09.05-10.39.41:185][137]LogServerList: Posting server.
[2025.09.05-10.39.41:185][137]LogBRWorldManager: World initialization started.
[2025.09.05-10.39.41:185][137]LogBRWorldManager: Loading world from bundle.
[2025.09.05-10.39.41:185][137]LogBrickComponents: World NetMode is DedicatedServer
[2025.09.05-10.39.41:185][137]LogBRWorldManager: Loading world global data.
[2025.09.05-10.39.41:188][137]LogBRWorldSerializer: Creating entity serializers.
[2025.09.05-10.39.41:189][137]LogBRWorldSerializer: Deserializing entity chunks.
[2025.09.05-10.39.41:189][137]LogBRWorldSerializer: Spawning entities and grid serializers.
[2025.09.05-10.39.41:189][137]LogBRWorldSerializer: Creating brick chunk serializers.
[2025.09.05-10.39.41:190][137]LogBRWorldSerializer: Deserializing brick chunks.
[2025.09.05-10.39.41:193][137]LogBRWorldSerializer: Applying brick chunks.
[2025.09.05-10.39.41:194][137]LogBRWorldSerializer: Parallel generating 1017 brick types.
[2025.09.05-10.39.41:216][137]LogBRWorldManager: World successfully loaded.
[2025.09.05-10.39.41:216][137]LogBRWorldManager: Importing global environment settings.
[2025.09.05-10.39.41:217][137]LogBRWorldManager: Importing global minigame settings.
[2025.09.05-10.39.41:217][137]LogBRWorldManager: Minigame preset loaded.
[2025.09.05-10.39.41:218][137]LogBRWorldManager: World initialization: Run registry tick.
[2025.09.05-10.39.41:218][137]LogBRWorldManager: World initialization complete.
[2025.09.05-10.39.41:218][137]LogWorld: Bringing up level for play took: 0.034731
[2025.09.05-10.39.41:218][137]LogAutoSave: Initializing auto save subsystem.
[2025.09.05-10.39.41:218][137]LogAutoSave: Regular auto saves enabled every 600 seconds.
[2025.09.05-10.39.41:218][137]LogBackgroundMusic: Background music is disabled in dedicated servers.
[2025.09.05-10.39.41:219][137]r.VolumetricCloud.DistanceToSampleMaxCount = "2"
[2025.09.05-10.39.41:219][137]r.EyeAdaptation.BlackHistogramBucketInfluence = "0.5"
[2025.09.05-10.39.41:220][137]LogBlueprintUserMessages: Warning: Failed to find console variable 'r.Lumen.HardwareRayTracing.SkipBackFaceHitDistance'.
[2025.09.05-10.39.41:227][137]LogBrickadia: Permissions: Loaded 2 custom roles.
[2025.09.05-10.39.41:239][137]LogBrickadia: Moderator role exists, checking all default permission settings are defined.
[2025.09.05-10.39.41:288][137]LogBrickadia: Admin role exists, checking all default permission settings are defined.
[2025.09.05-10.39.41:307][137]LogBrickadia: Default role always exists, checking all default permission settings are defined.
[2025.09.05-10.39.41:311][137]LogBrickadia: Starting background load for 1188 primary assets.
[2025.09.05-10.39.41:315][137]LogLoad: Took 0.239797 seconds to LoadMap(/Game/Maps/Plate/Plate)
[2025.09.05-10.39.41:315][137]LogGlobalStatus: operator() Load map complete /Game/Maps/Plate/Plate
[2025.09.05-10.39.41:318][138]LogChatCommands: Finished async loading chat command libraries.
[2025.09.05-10.39.41:318][138]LogChatCommands: - 3 chat command libraries.
[2025.09.05-10.39.41:318][138]LogChatCommands: - 27 chat commands (42 counting overloads).
[2025.09.05-10.39.41:457][146]LogBrickadia: Finished preloading primary assets
[2025.09.05-10.39.41:586][154]LogSpawn: Warning: SpawnActor failed because no class was specified
[2025.09.05-10.39.41:586][154]LogSpawn: Warning: SpawnActor failed because no class was specified
[2025.09.05-10.39.41:586][154]LogSpawn: Warning: SpawnActor failed because no class was specified
[2025.09.05-10.39.41:586][154]LogSpawn: Warning: SpawnActor failed because no class was specified
[2025.09.05-10.39.41:586][154]LogSpawn: Warning: SpawnActor failed because no class was specified
[2025.09.05-10.39.41:586][154]LogSpawn: Warning: SpawnActor failed because no class was specified
[2025.09.05-10.39.59:869][245]LogNet: NotifyAcceptingConnection accepted from: 172.25.64.1:64501
[2025.09.05-10.39.59:869][245]LogBrickadia: Using network version 11829.
[2025.09.05-10.39.59:869][245]LogNetVersion: Checksum from delegate: 11829
[2025.09.05-10.39.59:885][246]LogNet: NotifyAcceptingConnection accepted from: 172.25.64.1:64501
[2025.09.05-10.39.59:885][246]LogNet: Server accepting post-challenge connection from: 172.25.64.1:64501
[2025.09.05-10.39.59:885][246]LogNet: IpConnection_2147481034 setting maximum channels to: 8
[2025.09.05-10.39.59:885][246]PacketHandlerLog: Loaded PacketHandler component: Engine.EngineHandlerComponentFactory (StatelessConnectHandlerComponent)
[2025.09.05-10.39.59:886][246]LogNet: NotifyAcceptedConnection: Name: Plate, TimeStamp: 09/05/25 06:39:59, [UNetConnection] RemoteAddr: 172.25.64.1:64501, Name: IpConnection_2147481034, Driver: Name:GameNetDriver Def:GameNetDriver IpNetDriver_2147482370, IsServer: YES, PC: NULL, Owner: NULL, UniqueId: INVALID
[2025.09.05-10.39.59:886][246]LogNet: AddClientConnection: Added client connection: [UNetConnection] RemoteAddr: 172.25.64.1:64501, Name: IpConnection_2147481034, Driver: Name:GameNetDriver Def:GameNetDriver IpNetDriver_2147482370, IsServer: YES, PC: NULL, Owner: NULL, UniqueId: INVALID
[2025.09.05-10.39.59:886][246]LogBulkTransfer: Ready for transfers from client, channel index 4
[2025.09.05-10.39.59:902][247]LogNet: NotifyAcceptingChannel Control 0 server World /Game/Maps/Plate/Plate.Plate: Accepted
[2025.09.05-10.39.59:902][247]LogNet: Remote platform little endian=1
[2025.09.05-10.39.59:902][247]LogNet: This platform little endian=1
[2025.09.05-10.39.59:986][252]LogNet: Login request: /Game/Maps/ServerEntry/ServerEntry?Password userId: UNKNOWN platform: None
[2025.09.05-10.39.59:986][252]LogServerList: Auth digest valid.
[2025.09.05-10.40.00:003][253]LogNet: Client netspeed is 100000000
[2025.09.05-10.40.00:120][260]LogNet: Join request: /Game/Maps/ServerEntry/ServerEntry?Password?SplitscreenCount=1
[2025.09.05-10.40.00:120][260]LogServerList: Auth payload valid. Result:
[2025.09.05-10.40.00:120][260]LogServerList: UserName: hoopla
[2025.09.05-10.40.00:120][260]LogServerList: DisplayName: hoopla
[2025.09.05-10.40.00:120][260]LogServerList: UserId: a913c7a5-f2eb-4e61-9e80-8b09d4b96322
[2025.09.05-10.40.00:120][260]LogServerList: HandleId: f50ecf90-ed30-4c2c-9225-c761ba0226b6
[2025.09.05-10.40.00:138][260]LogIris: Warning: Generating descriptor for struct UpdateLevelVisibilityLevelInfo that has custom serialization.
[2025.09.05-10.40.00:138][260]LogBackgroundMusic: Playing next background song in playlist after 9.002065s...
[2025.09.05-10.40.00:138][260]LogBrickadia: Ruleset hoopla RPG no saved checkpoint for player hoopla (a913c7a5-f2eb-4e61-9e80-8b09d4b96322)
[2025.09.05-10.40.00:141][260]LogChat: hoopla joined the game. 
[2025.09.05-10.40.00:147][260]LogNet: Join succeeded: hoopla
[2025.09.05-10.40.00:148][260]LogIris: Warning: Trying to change non-existing custom conditional for RepIndex 6 in protocol BrickGridPreviewActor
[2025.09.05-10.40.00:148][260]LogIris: Warning: Trying to change non-existing custom conditional for RepIndex 5 in protocol BrickGridPreviewActor
[2025.09.05-10.40.00:149][260]LogIris: Disallowed to write first packet in batch, with Iris this is not good!
[2025.09.05-10.40.00:149][260]LogConsoleCmd: GetAll BRPlayerState UserName
[2025.09.05-10.40.00:150][260]0) BP_PlayerState_C /Game/Maps/Plate/Plate.Plate:PersistentLevel.BP_PlayerState_C_2147481025.UserName = hoopla
[2025.09.05-10.40.00:151][261]LogConsoleCmd: GetAll BRPlayerState Owner Name=BP_PlayerState_C_2147481025
[2025.09.05-10.40.00:152][261]0) BP_PlayerState_C /Game/Maps/Plate/Plate.Plate:PersistentLevel.BP_PlayerState_C_2147481025.Owner = /Game/Blueprints/BP_PlayerController.BP_PlayerController_C'/Game/Maps/Plate/Plate.Plate:PersistentLevel.BP_PlayerController_C_2147481026'
[2025.09.05-10.40.09:132][797]LogBackgroundMusic: Shuffling the background music playlist.
[2025.09.05-10.40.09:132][797]LogBackgroundMusic: Playing the next background song (S_Music_Incandescent)
[2025.09.05-10.40.25:018][745]LogChatCommands: Player "hoopla" is trying to call command "/rpginit" with arg string "".
[2025.09.05-10.40.25:018][745]LogChatCommands: Error: Command rpginit does not exist.
[2025.09.05-10.40.25:019][745]LogConsoleCmd: Chat.Whisper "hoopla" <color="f0f">Initializing RPG systems...</color>
[2025.09.05-10.40.25:019][745]LogConsoleCmd: Chat.Whisper "hoopla" <color="888">Loading world data... This may take a moment for large worlds.</color>
[2025.09.05-10.40.25:037][746]LogConsoleCmd: Bricks.Save "omegga_hoopla-rpg_temp1757068825020_0"
[2025.09.05-10.40.25:037][746]LogBrickSerializer: Trying to save save to path /mnt/c/Users/micke/myServer/data/Saved/Builds/omegga_hoopla-rpg_temp1757068825020_0.brs...
[2025.09.05-10.40.25:037][746]LogBrickSerializer: Warning: Requested screenshot capture, but we're running in headless mode.
[2025.09.05-10.40.25:038][746]LogBrickSerializer: Warning: Failed to read screenshot, file /mnt/c/Users/micke/myServer/data/Saved/Builds/omegga_hoopla-rpg_temp1757068825020_0.brs not found.
[2025.09.05-10.40.25:038][746]LogBrickSerializer: Warning: Not capturing a screenshot, and no existing one loaded.
[2025.09.05-10.40.25:045][746]LogTemp: Data compressed (80 -> 64 bytes, factor 0.800000)
[2025.09.05-10.40.25:045][746]LogTemp: Data compressed (1557 -> 951 bytes, factor 0.610790)
[2025.09.05-10.40.25:055][746]LogTemp: Data compressed (428270 -> 146227 bytes, factor 0.341436)
[2025.09.05-10.40.25:055][746]LogTemp: Data compressed (11684 -> 2900 bytes, factor 0.248203)
[2025.09.05-10.40.25:056][746]LogTemp: Data compressed (644 -> 241 bytes, factor 0.374224)
[2025.09.05-10.40.25:061][746]LogBrickSerializer: Saved 28,550 bricks and 148 components from 3 owners in 0.023886 seconds.
[2025.09.05-10.40.41:088][704]LogServerList: Posting server.
[2025.09.05-10.41.33:547][836]LogCore: Engine exit requested (reason: EngineExit() was called; note: exit was already requested)
[2025.09.05-10.41.33:547][836]LogInit: Display: PreExit Game.
[2025.09.05-10.41.33:547][836]LogWorld: BeginTearingDown for /Game/Maps/Plate/Plate
[2025.09.05-10.41.33:547][836]LogNet: World NetDriver shutdown IpNetDriver_2147482370 [GameNetDriver]
[2025.09.05-10.41.33:547][836]LogNet: DestroyNamedNetDriver IpNetDriver_2147482370 [GameNetDriver]
[2025.09.05-10.41.33:547][836]LogNet: UNetConnection::SendCloseReason:
[2025.09.05-10.41.33:547][836]LogNet:  - Result=HostClosedConnection, ErrorContext="HostClosedConnection"
[2025.09.05-10.41.33:547][836]LogNet: UNetConnection::Cleanup: Closing open connection. [UNetConnection] RemoteAddr: 172.25.64.1:64501, Name: IpConnection_2147481034, Driver: Name:GameNetDriver Def:GameNetDriver IpNetDriver_2147482370, IsServer: YES, PC: BP_PlayerController_C_2147481026, Owner: BP_PlayerController_C_2147481026, UniqueId: INVALID
[2025.09.05-10.41.33:547][836]LogNet: UNetConnection::Close: [UNetConnection] RemoteAddr: 172.25.64.1:64501, Name: IpConnection_2147481034, Driver: Name:GameNetDriver Def:GameNetDriver IpNetDriver_2147482370, IsServer: YES, PC: BP_PlayerController_C_2147481026, Owner: BP_PlayerController_C_2147481026, UniqueId: INVALID, Channels: 5, Time: 2025.09.05-10.41.33
[2025.09.05-10.41.33:547][836]LogNet: UNetConnection::SendCloseReason:
[2025.09.05-10.41.33:547][836]LogNet:  - Result=Cleanup, ErrorContext="Cleanup"
[2025.09.05-10.41.33:547][836]LogNet: UChannel::Close: Sending CloseBunch. ChIndex == 0. Name: [UChannel] ChIndex: 0, Closing: 0 [UNetConnection] RemoteAddr: 172.25.64.1:64501, Name: IpConnection_2147481034, Driver: Name:GameNetDriver Def:GameNetDriver IpNetDriver_2147482370, IsServer: YES, PC: BP_PlayerController_C_2147481026, Owner: BP_PlayerController_C_2147481026, UniqueId: INVALID
[2025.09.05-10.41.33:547][836]LogNet: UNetDriver::RemoveClientConnection - Removed address 172.25.64.1:64501 from MappedClientConnections for: [UNetConnection] RemoteAddr: 172.25.64.1:64501, Name: IpConnection_2147481034, Driver: Name:GameNetDriver Def:GameNetDriver IpNetDriver_2147482370, IsServer: YES, PC: BP_PlayerController_C_2147481026, Owner: BP_PlayerController_C_2147481026, UniqueId: INVALID
[2025.09.05-10.41.33:548][836]LogIris: Display: Iris ReplicationSystem[0]: ReplicationSystem_2147482368 (0x0x74394324a6c0) is about to be destroyed
[2025.09.05-10.41.33:548][836]LogExit: Name:GameNetDriver Def:GameNetDriver IpNetDriver_2147482370 shut down
[2025.09.05-10.41.33:548][836]LogTemp: Warning: SetSystemSleepAllowed not implemented for this platform.
[2025.09.05-10.41.33:548][836]LogServerList: Deleting server.
[2025.09.05-10.41.33:549][836]LogBRAuthSubsystem: Shutting down Auth Subsystem.
[2025.09.05-10.41.33:549][836]LogWorld: UWorld::CleanupWorld for Plate, bSessionEnded=true, bCleanupResources=true
[2025.09.05-10.41.33:552][836]LogExit: Preparing to exit.
[2025.09.05-10.41.33:562][836]LogDemo: Cleaned up 0 splitscreen connections, owner deletion: enabled
[2025.09.05-10.41.33:563][836]LogExit: Game engine shut down
[2025.09.05-10.41.33:589][836]LogExit: Object subsystem successfully closed.
[2025.09.05-10.41.33:823][836]LogEOSSDK: FEOSSDKManager::Shutdown EOS_Shutdown Result=[EOS_Success]
[2025.09.05-10.41.33:823][836]LogIris: FNetObjectFactoryRegistry::UnregisterFactory is unregistering factory: None name: NetActorFactory id: 0
[2025.09.05-10.41.33:823][836]LogIris: FNetObjectFactoryRegistry::UnregisterFactory is unregistering factory: None name: NetSubObjectFactory id: 1
[2025.09.05-10.41.33:823][836]LogPakFile: Destroying PakPlatformFile
[2025.09.05-10.41.33:826][836]LogExit: Exiting.
[2025.09.05-10.41.33:826][836]LogCore: FUnixPlatformMisc::RequestExit(bForce=false, ReturnCode=143)
[2025.09.05-10.41.33:897][836]Log file closed, 09/05/25 06:41:33
Goodbye!
